============================= test session starts =============================
platform win32 -- Python 3.12.4, pytest-9.0.2, pluggy-1.6.0 -- C:\Users\joshu\accessiweather\.auto-claude\worktrees\tasks\002-fix-command-injection-vulnerability-in-update-inst\venv\Scripts\python.exe
cachedir: .pytest_cache
hypothesis profile 'dev' -> deadline=None, max_examples=50
rootdir: C:\Users\joshu\accessiweather\.auto-claude\worktrees\tasks\002-fix-command-injection-vulnerability-in-update-inst
configfile: pytest.ini (WARNING: ignoring pytest config in tox.ini!)
testpaths: tests
plugins: anyio-4.12.0, hypothesis-6.150.0, cov-7.0.0, mock-3.15.1, recording-0.13.4, rerunfailures-16.1, xdist-3.8.0, requests-mock-1.12.1
asyncio: mode=Mode.AUTO, debug=False, asyncio_default_fixture_loop_scope=None, asyncio_default_test_loop_scope=function
created: 20/20 workers
20 workers [2184 items]

scheduling tests via LoadScopeScheduling

tests/test_toga_comprehensive.py::TestAccessiWeatherApp::test_app_creation 
tests/test_github_config.py::TestGitHubConfigOperations::test_initialization 
tests/test_simple_weather_fetching.py::TestWeatherDataFetching::test_nws_api_response_parsing 
tests/test_format_string_parser.py::TestFormatStringParser::test_initialization 
tests/test_github_update_service.py::test_check_for_updates_stable_selects_latest_windows 
tests/test_config_import_export.py::TestImportSettings::test_import_settings_success 
tests/test_location_service.py::TestLocationService::test_initialization 
tests/test_toga_ui_components.py::TestTogaUIComponents::test_main_window_creation 
tests/test_settings_priority_tab.py::TestDisplayPriorityInDisplayTab::test_verbosity_dropdown_exists 
tests/test_toga_ui_components.py::TestUIComponentInteraction::test_button_click_handling 
[gw2] [  0%] PASSED tests/test_toga_ui_components.py::TestTogaUIComponents::test_main_window_creation 
[gw1] [  0%] PASSED tests/test_github_config.py::TestGitHubConfigOperations::test_initialization 
tests/test_air_quality_presentation.py::test_summary_contains_aqi_and_category 
[gw3] [  0%] PASSED tests/test_toga_comprehensive.py::TestAccessiWeatherApp::test_app_creation 
tests/test_api_base_wrapper.py::TestBaseApiWrapper::test_initialization_default_values 
tests/test_config_properties.py::TestAppSettingsTypeCoercion::test_bool_string_coercion[true-True] 
tests/test_toga_ui_components.py::TestTogaUIComponents::test_location_selection_widget 
tests/test_simple_weather_client.py::test_parse_nws_current_conditions_converts_units 
tests/test_sound_pack_installer.py::TestSoundPackInstaller::test_install_from_zip_success 
[gw4] [  0%] PASSED tests/test_format_string_parser.py::TestFormatStringParser::test_initialization 
tests/test_update_progress_dialog.py::TestUpdateProgressDialog::test_initialize_dialog 
[gw9] [  0%] PASSED tests/test_toga_ui_components.py::TestUIComponentInteraction::test_button_click_handling 
[gw12] [  0%] PASSED tests/test_config_properties.py::TestAppSettingsTypeCoercion::test_bool_string_coercion[true-True] 
tests/test_toga_ui_components.py::TestUIComponentInteraction::test_selection_change_handling 
tests/test_toga_comprehensive.py::TestAccessiWeatherApp::test_app_initialization 
[gw6] [  0%] PASSED tests/test_location_service.py::TestLocationService::test_initialization 
tests/test_github_config.py::TestGitHubConfigOperations::test_logger_property 
[gw13] [  0%] PASSED tests/test_simple_weather_client.py::test_parse_nws_current_conditions_converts_units 
tests/test_location_service.py::TestLocationService::test_update_data_source 
tests/test_simple_weather_client.py::test_parse_openmeteo_current_conditions_converts_units 
[gw0] [  0%] PASSED tests/test_simple_weather_fetching.py::TestWeatherDataFetching::test_nws_api_response_parsing 
[gw11] [  0%] PASSED tests/test_api_base_wrapper.py::TestBaseApiWrapper::test_initialization_default_values 
[gw3] [  0%] PASSED tests/test_toga_comprehensive.py::TestAccessiWeatherApp::test_app_initialization 
tests/test_weather_condition_analyzer.py::TestWeatherConditionAnalyzer::test_init 
[gw13] [  0%] PASSED tests/test_simple_weather_client.py::test_parse_openmeteo_current_conditions_converts_units 
[gw2] [  0%] PASSED tests/test_toga_ui_components.py::TestTogaUIComponents::test_location_selection_widget 
tests/test_simple_weather_client.py::test_parse_openmeteo_current_conditions_handles_missing_fields 
tests/test_weather_presenter.py::test_presenter_includes_precise_dewpoint_in_metrics 
tests/test_config_import_export.py::TestExportSettings::test_export_settings_success 
[gw1] [  0%] PASSED tests/test_github_config.py::TestGitHubConfigOperations::test_logger_property 
tests/test_toga_comprehensive.py::TestAccessiWeatherApp::test_app_startup 
[gw9] [  0%] PASSED tests/test_toga_ui_components.py::TestUIComponentInteraction::test_selection_change_handling 
tests/test_toga_ui_components.py::TestAccessibilityFeatures::test_aria_labels 
[gw13] [  0%] PASSED tests/test_simple_weather_client.py::test_parse_openmeteo_current_conditions_handles_missing_fields 
[gw16] [  0%] PASSED tests/test_weather_condition_analyzer.py::TestWeatherConditionAnalyzer::test_init 
[gw6] [  0%] PASSED tests/test_location_service.py::TestLocationService::test_update_data_source 
tests/test_config_properties.py::TestAppSettingsTypeCoercion::test_bool_string_coercion[True-True] 
tests/test_simple_weather_client.py::test_parse_openmeteo_forecast_handles_partial_arrays 
tests/test_toga_ui_components.py::TestUIComponentInteraction::test_text_input_handling 
tests/test_github_config.py::TestGitHubConfigOperations::test_validate_github_app_config_valid 
[gw1] [  0%] PASSED tests/test_github_config.py::TestGitHubConfigOperations::test_validate_github_app_config_valid 
tests/test_simple_weather_fetching.py::TestWeatherDataFetching::test_wind_direction_formatting_fix 
[gw15] [  0%] PASSED tests/test_update_progress_dialog.py::TestUpdateProgressDialog::test_initialize_dialog 
tests/test_format_string_parser.py::TestFormatStringParser::test_get_placeholders_single 
tests/test_api_base_wrapper.py::TestBaseApiWrapper::test_initialization_custom_values 
[gw17] [  0%] PASSED tests/test_weather_presenter.py::test_presenter_includes_precise_dewpoint_in_metrics 
[gw0] [  1%] PASSED tests/test_simple_weather_fetching.py::TestWeatherDataFetching::test_wind_direction_formatting_fix 
tests/test_toga_ui_components.py::TestTogaUIComponents::test_weather_display_widget 
tests/test_update_progress_dialog.py::TestUpdateProgressDialog::test_initialize_dialog_with_defaults 
tests/test_simple_weather_fetching.py::TestWeatherDataFetching::test_presenter_handles_numeric_wind_direction 
[gw12] [  1%] PASSED tests/test_config_properties.py::TestAppSettingsTypeCoercion::test_bool_string_coercion[True-True] 
tests/test_weather_presenter.py::test_presenter_includes_moon_metrics_when_available 
[gw19] [  1%] PASSED tests/test_toga_ui_components.py::TestAccessibilityFeatures::test_aria_labels 
[gw13] [  1%] PASSED tests/test_simple_weather_client.py::test_parse_openmeteo_forecast_handles_partial_arrays 
tests/test_toga_ui_components.py::TestAccessibilityFeatures::test_screen_reader_announcements 
tests/test_config_properties.py::TestAppSettingsTypeCoercion::test_bool_string_coercion[TRUE-True] 
tests/test_github_config.py::TestGitHubConfigOperations::test_validate_github_app_config_missing_app_id 
[gw1] [  1%] PASSED tests/test_github_config.py::TestGitHubConfigOperations::test_validate_github_app_config_missing_app_id 
tests/test_simple_weather_client.py::test_parse_openmeteo_hourly_forecast_handles_sparse_payload 
tests/test_github_config.py::TestGitHubConfigOperations::test_validate_github_app_config_missing_private_key 
[gw13] [  1%] PASSED tests/test_simple_weather_client.py::test_parse_openmeteo_hourly_forecast_handles_sparse_payload 
tests/test_simple_weather_client.py::test_openmeteo_client_weather_description_accepts_string_codes 
[gw17] [  1%] PASSED tests/test_weather_presenter.py::test_presenter_includes_moon_metrics_when_available 
[gw11] [  1%] PASSED tests/test_api_base_wrapper.py::TestBaseApiWrapper::test_initialization_custom_values 
tests/test_location_service.py::TestLocationService::test_update_data_source_nws 
tests/test_weather_condition_analyzer.py::TestWeatherConditionAnalyzer::test_analyze_clear_weather 
tests/test_weather_presenter.py::test_presenter_respects_metric_visibility_preferences 
[gw1] [  1%] PASSED tests/test_github_config.py::TestGitHubConfigOperations::test_validate_github_app_config_missing_private_key 
[gw13] [  1%] PASSED tests/test_simple_weather_client.py::test_openmeteo_client_weather_description_accepts_string_codes 
[gw4] [  1%] PASSED tests/test_format_string_parser.py::TestFormatStringParser::test_get_placeholders_single 
tests/test_format_string_parser.py::TestFormatStringParser::test_get_placeholders_multiple 
tests/test_simple_weather_client.py::test_parse_nws_forecast_handles_qv_payloads 
tests/test_github_config.py::TestGitHubConfigOperations::test_validate_github_app_config_missing_installation_id 
[gw16] [  1%] PASSED tests/test_weather_condition_analyzer.py::TestWeatherConditionAnalyzer::test_analyze_clear_weather 
[gw13] [  1%] PASSED tests/test_simple_weather_client.py::test_parse_nws_forecast_handles_qv_payloads 
tests/test_weather_condition_analyzer.py::TestWeatherConditionAnalyzer::test_analyze_cloudy_weather 
[gw1] [  1%] PASSED tests/test_github_config.py::TestGitHubConfigOperations::test_validate_github_app_config_missing_installation_id 
tests/test_simple_weather_client.py::test_parse_nws_hourly_forecast_handles_qv_payloads 
[gw0] [  1%] PASSED tests/test_simple_weather_fetching.py::TestWeatherDataFetching::test_presenter_handles_numeric_wind_direction 
[gw2] [  1%] PASSED tests/test_toga_ui_components.py::TestTogaUIComponents::test_weather_display_widget 
[gw16] [  1%] PASSED tests/test_weather_condition_analyzer.py::TestWeatherConditionAnalyzer::test_analyze_cloudy_weather 
[gw12] [  1%] PASSED tests/test_config_properties.py::TestAppSettingsTypeCoercion::test_bool_string_coercion[TRUE-True] 
tests/test_api_base_wrapper.py::TestBaseApiWrapper::test_caching_enabled 
tests/test_simple_weather_fetching.py::TestWeatherDataFetching::test_openmeteo_fallback 
tests/test_weather_condition_analyzer.py::TestWeatherConditionAnalyzer::test_analyze_precipitation 
[gw19] [  1%] PASSED tests/test_toga_ui_components.py::TestAccessibilityFeatures::test_screen_reader_announcements 
[gw4] [  1%] PASSED tests/test_format_string_parser.py::TestFormatStringParser::test_get_placeholders_multiple 
tests/test_toga_ui_components.py::TestTogaUIComponents::test_refresh_button 
tests/test_config_properties.py::TestAppSettingsTypeCoercion::test_bool_string_coercion[1-True] 
[gw16] [  1%] PASSED tests/test_weather_condition_analyzer.py::TestWeatherConditionAnalyzer::test_analyze_precipitation 
tests/test_toga_ui_components.py::TestAccessibilityFeatures::test_keyboard_navigation 
[gw11] [  1%] PASSED tests/test_api_base_wrapper.py::TestBaseApiWrapper::test_caching_enabled 
tests/test_format_string_parser.py::TestFormatStringParser::test_get_placeholders_empty_string 
tests/test_weather_condition_analyzer.py::TestWeatherConditionAnalyzer::test_analyze_severe_weather 
[gw12] [  2%] PASSED tests/test_config_properties.py::TestAppSettingsTypeCoercion::test_bool_string_coercion[1-True] 
[gw6] [  2%] PASSED tests/test_location_service.py::TestLocationService::test_update_data_source_nws 
[gw9] [  2%] PASSED tests/test_toga_ui_components.py::TestUIComponentInteraction::test_text_input_handling 
[gw17] [  2%] PASSED tests/test_weather_presenter.py::test_presenter_respects_metric_visibility_preferences 
tests/test_config_properties.py::TestAppSettingsTypeCoercion::test_bool_string_coercion[yes-True] 
[gw16] [  2%] PASSED tests/test_weather_condition_analyzer.py::TestWeatherConditionAnalyzer::test_analyze_severe_weather 
tests/test_toga_ui_components.py::TestUIComponentInteraction::test_table_selection_handling 
tests/test_github_config.py::TestGitHubConfigOperations::test_validate_github_app_config_non_numeric_app_id 
tests/test_location_service.py::TestLocationService::test_update_data_source_auto 
[gw13] [  2%] PASSED tests/test_simple_weather_client.py::test_parse_nws_hourly_forecast_handles_qv_payloads 
tests/test_simple_weather_client.py::test_parse_nws_hourly_forecast_converts_celsius_payloads 
tests/test_weather_condition_analyzer.py::TestWeatherConditionAnalyzer::test_analyze_freezing_conditions 
[gw16] [  2%] PASSED tests/test_weather_condition_analyzer.py::TestWeatherConditionAnalyzer::test_analyze_freezing_conditions 
tests/test_weather_condition_analyzer.py::TestWeatherConditionAnalyzer::test_analyze_with_alerts 
[gw9] [  2%] PASSED tests/test_toga_ui_components.py::TestUIComponentInteraction::test_table_selection_handling 
[gw12] [  2%] PASSED tests/test_config_properties.py::TestAppSettingsTypeCoercion::test_bool_string_coercion[yes-True] 
tests/test_config_properties.py::TestAppSettingsTypeCoercion::test_bool_string_coercion[on-True] 
[gw2] [  2%] PASSED tests/test_toga_ui_components.py::TestTogaUIComponents::test_refresh_button 
tests/test_toga_ui_components.py::TestTogaUIComponents::test_settings_button 
tests/test_weather_presenter.py::test_presenter_reports_calm_wind_when_speed_is_zero 
[gw4] [  2%] PASSED tests/test_format_string_parser.py::TestFormatStringParser::test_get_placeholders_empty_string 
[gw0] [  2%] PASSED tests/test_simple_weather_fetching.py::TestWeatherDataFetching::test_openmeteo_fallback 
[gw1] [  2%] PASSED tests/test_github_config.py::TestGitHubConfigOperations::test_validate_github_app_config_non_numeric_app_id 
tests/test_github_config.py::TestGitHubConfigOperations::test_validate_github_app_config_non_numeric_installation_id 
[gw1] [  2%] PASSED tests/test_github_config.py::TestGitHubConfigOperations::test_validate_github_app_config_non_numeric_installation_id 
tests/test_toga_ui_components.py::TestUIComponentInteraction::test_window_close_handling 
[gw12] [  2%] PASSED tests/test_config_properties.py::TestAppSettingsTypeCoercion::test_bool_string_coercion[on-True] 
tests/test_config_properties.py::TestAppSettingsTypeCoercion::test_bool_string_coercion[false-False] 
[gw16] [  2%] PASSED tests/test_weather_condition_analyzer.py::TestWeatherConditionAnalyzer::test_analyze_with_alerts 
tests/test_weather_condition_analyzer.py::TestWeatherConditionAnalyzer::test_analyze_temperature_extremes 
[gw16] [  2%] PASSED tests/test_weather_condition_analyzer.py::TestWeatherConditionAnalyzer::test_analyze_temperature_extremes 
[gw3] [  2%] PASSED tests/test_toga_comprehensive.py::TestAccessiWeatherApp::test_app_startup 
[gw19] [  2%] PASSED tests/test_toga_ui_components.py::TestAccessibilityFeatures::test_keyboard_navigation 
tests/test_toga_ui_components.py::TestAccessibilityFeatures::test_high_contrast_support 
[gw19] [  2%] PASSED tests/test_toga_ui_components.py::TestAccessibilityFeatures::test_high_contrast_support 
tests/test_toga_ui_components.py::TestAccessibilityFeatures::test_text_scaling 
[gw2] [  2%] PASSED tests/test_toga_ui_components.py::TestTogaUIComponents::test_settings_button 
tests/test_toga_ui_components.py::TestTogaUIComponents::test_forecast_table 
[gw2] [  2%] PASSED tests/test_toga_ui_components.py::TestTogaUIComponents::test_forecast_table 
tests/test_format_string_parser.py::TestFormatStringParser::test_get_placeholders_none 
[gw4] [  3%] PASSED tests/test_format_string_parser.py::TestFormatStringParser::test_get_placeholders_none 
tests/test_format_string_parser.py::TestFormatStringParser::test_get_placeholders_no_placeholders 
[gw18] [  3%] PASSED tests/test_config_import_export.py::TestExportSettings::test_export_settings_success 
[gw9] [  3%] PASSED tests/test_toga_ui_components.py::TestUIComponentInteraction::test_window_close_handling 
tests/test_toga_ui_components.py::TestUIComponentInteraction::test_menu_item_activation 
tests/test_api_base_wrapper.py::TestBaseApiWrapper::test_caching_disabled 
tests/test_toga_ui_components.py::TestTogaUIComponents::test_alert_notification_widget 
[gw2] [  3%] PASSED tests/test_toga_ui_components.py::TestTogaUIComponents::test_alert_notification_widget 
tests/test_github_config.py::TestGitHubConfigOperations::test_validate_github_app_config_missing_pem_header 
[gw1] [  3%] PASSED tests/test_github_config.py::TestGitHubConfigOperations::test_validate_github_app_config_missing_pem_header 
[gw15] [  3%] PASSED tests/test_update_progress_dialog.py::TestUpdateProgressDialog::test_initialize_dialog_with_defaults 
tests/test_update_progress_dialog.py::TestUpdateProgressDialog::test_show_and_prepare 
tests/test_simple_weather_fetching.py::TestWeatherDataFetching::test_nws_current_conditions_uses_station_with_data 
[gw9] [  3%] PASSED tests/test_toga_ui_components.py::TestUIComponentInteraction::test_menu_item_activation 
tests/test_toga_ui_components.py::TestUIComponentInteraction::test_dialog_response_handling 
[gw19] [  3%] PASSED tests/test_toga_ui_components.py::TestAccessibilityFeatures::test_text_scaling 
tests/test_toga_ui_components.py::TestAccessibilityFeatures::test_color_contrast_ratios 
[gw13] [  3%] PASSED tests/test_simple_weather_client.py::test_parse_nws_hourly_forecast_converts_celsius_payloads 
tests/test_simple_weather_client.py::test_parse_nws_forecast_converts_celsius_payloads 
[gw13] [  3%] PASSED tests/test_simple_weather_client.py::test_parse_nws_forecast_converts_celsius_payloads 
tests/test_config_import_export.py::TestExportSettings::test_export_settings_creates_valid_json_structure 
[gw12] [  3%] PASSED tests/test_config_properties.py::TestAppSettingsTypeCoercion::test_bool_string_coercion[false-False] 
tests/test_config_properties.py::TestAppSettingsTypeCoercion::test_bool_string_coercion[False-False] 
[gw4] [  3%] PASSED tests/test_format_string_parser.py::TestFormatStringParser::test_get_placeholders_no_placeholders 
tests/test_format_string_parser.py::TestFormatStringParser::test_get_placeholders_duplicate 
[gw6] [  3%] PASSED tests/test_location_service.py::TestLocationService::test_update_data_source_auto 
tests/test_location_service.py::TestLocationService::test_get_current_location 
[gw6] [  3%] PASSED tests/test_location_service.py::TestLocationService::test_get_current_location 
[gw9] [  3%] PASSED tests/test_toga_ui_components.py::TestUIComponentInteraction::test_dialog_response_handling 
tests/test_toga_ui_components.py::TestUIComponentInteraction::test_widget_state_synchronization 
tests/test_weather_condition_analyzer.py::TestWeatherConditionAnalyzer::test_analyze_wind_conditions 
[gw19] [  3%] PASSED tests/test_toga_ui_components.py::TestAccessibilityFeatures::test_color_contrast_ratios 
tests/test_toga_ui_components.py::TestAccessibilityFeatures::test_focus_indicators 
[gw17] [  3%] PASSED tests/test_weather_presenter.py::test_presenter_reports_calm_wind_when_speed_is_zero 
tests/test_weather_presenter.py::test_presenter_includes_environmental_metrics 
[gw4] [  3%] PASSED tests/test_format_string_parser.py::TestFormatStringParser::test_get_placeholders_duplicate 
tests/test_format_string_parser.py::TestFormatStringParser::test_get_placeholders_with_underscores 
tests/test_toga_comprehensive.py::TestAccessiWeatherApp::test_app_main_window_creation 
[gw16] [  3%] PASSED tests/test_weather_condition_analyzer.py::TestWeatherConditionAnalyzer::test_analyze_wind_conditions 
tests/test_simple_weather_client.py::test_weather_client_computes_temperature_trend 
tests/test_location_service.py::TestLocationService::test_get_current_location_none 
[gw6] [  3%] PASSED tests/test_location_service.py::TestLocationService::test_get_current_location_none 
tests/test_location_service.py::TestLocationService::test_get_current_location_name 
[gw9] [  3%] PASSED tests/test_toga_ui_components.py::TestUIComponentInteraction::test_widget_state_synchronization 
tests/test_toga_ui_components.py::TestUIComponentInteraction::test_widget_validation_feedback 
[gw17] [  3%] PASSED tests/test_weather_presenter.py::test_presenter_includes_environmental_metrics 
tests/test_github_config.py::TestGitHubConfigOperations::test_validate_github_app_config_missing_pem_footer 
tests/test_toga_ui_components.py::TestTogaUIComponents::test_progress_indicator 
tests/test_weather_presenter.py::test_presenter_builds_accessible_air_quality_panel 
[gw13] [  4%] PASSED tests/test_simple_weather_client.py::test_weather_client_computes_temperature_trend 
[gw12] [  4%] PASSED tests/test_config_properties.py::TestAppSettingsTypeCoercion::test_bool_string_coercion[False-False] 
tests/test_config_properties.py::TestAppSettingsTypeCoercion::test_bool_string_coercion[FALSE-False] 
[gw9] [  4%] PASSED tests/test_toga_ui_components.py::TestUIComponentInteraction::test_widget_validation_feedback 
[gw2] [  4%] PASSED tests/test_toga_ui_components.py::TestTogaUIComponents::test_progress_indicator 
[gw17] [  4%] PASSED tests/test_weather_presenter.py::test_presenter_builds_accessible_air_quality_panel 
tests/test_toga_ui_components.py::TestUIComponentInteraction::test_widget_loading_states 
tests/test_weather_presenter.py::test_presenter_skips_air_quality_panel_when_unavailable 
[gw3] [  4%] PASSED tests/test_toga_comprehensive.py::TestAccessiWeatherApp::test_app_main_window_creation 
[gw6] [  4%] PASSED tests/test_location_service.py::TestLocationService::test_get_current_location_name 
tests/test_weather_condition_analyzer.py::TestWeatherConditionAnalyzer::test_analyze_fog_conditions 
[gw19] [  4%] PASSED tests/test_toga_ui_components.py::TestAccessibilityFeatures::test_focus_indicators 
[gw4] [  4%] PASSED tests/test_format_string_parser.py::TestFormatStringParser::test_get_placeholders_with_underscores 
tests/test_toga_comprehensive.py::TestAccessiWeatherApp::test_app_accessibility_features 
[gw17] [  4%] PASSED tests/test_weather_presenter.py::test_presenter_skips_air_quality_panel_when_unavailable 
tests/test_location_service.py::TestLocationService::test_get_current_location_name_none 
tests/test_weather_presenter.py::test_presenter_includes_trend_summary_and_status 
[gw16] [  4%] PASSED tests/test_weather_condition_analyzer.py::TestWeatherConditionAnalyzer::test_analyze_fog_conditions 
tests/test_toga_ui_components.py::TestAccessibilityFeatures::test_voice_over_support 
tests/test_format_string_parser.py::TestFormatStringParser::test_validate_format_string_valid 
[gw3] [  4%] PASSED tests/test_toga_comprehensive.py::TestAccessiWeatherApp::test_app_accessibility_features 
tests/test_weather_condition_analyzer.py::TestWeatherConditionAnalyzer::test_priority_score_calculation 
[gw6] [  4%] PASSED tests/test_location_service.py::TestLocationService::test_get_current_location_name_none 
tests/test_toga_comprehensive.py::TestAccessiWeatherApp::test_app_error_handling 
[gw19] [  4%] PASSED tests/test_toga_ui_components.py::TestAccessibilityFeatures::test_voice_over_support 
[gw17] [  4%] PASSED tests/test_weather_presenter.py::test_presenter_includes_trend_summary_and_status 
tests/test_location_service.py::TestLocationService::test_get_all_locations 
[gw1] [  4%] PASSED tests/test_github_config.py::TestGitHubConfigOperations::test_validate_github_app_config_missing_pem_footer 
tests/test_simple_weather_client.py::test_weather_client_skips_pressure_trend_when_disabled 
tests/test_weather_presenter.py::test_presenter_backfills_pressure_trend_from_hourly 
tests/test_toga_ui_components.py::TestTogaUIComponents::test_status_bar 
[gw11] [  4%] PASSED tests/test_api_base_wrapper.py::TestBaseApiWrapper::test_caching_disabled 
[gw3] [  4%] PASSED tests/test_toga_comprehensive.py::TestAccessiWeatherApp::test_app_error_handling 
tests/test_api_base_wrapper.py::TestBaseApiWrapper::test_cache_key_generation 
[gw9] [  4%] PASSED tests/test_toga_ui_components.py::TestUIComponentInteraction::test_widget_loading_states 
[gw12] [  4%] PASSED tests/test_config_properties.py::TestAppSettingsTypeCoercion::test_bool_string_coercion[FALSE-False] 
tests/test_toga_comprehensive.py::TestAccessiWeatherApp::test_app_settings_persistence 
tests/test_github_config.py::TestGitHubConfigOperations::test_validate_github_app_config_mismatched_headers 
tests/test_toga_ui_components.py::TestUIComponentInteraction::test_widget_tooltip_display 
[gw4] [  4%] PASSED tests/test_format_string_parser.py::TestFormatStringParser::test_validate_format_string_valid 
[gw3] [  4%] PASSED tests/test_toga_comprehensive.py::TestAccessiWeatherApp::test_app_settings_persistence 
tests/test_toga_ui_components.py::TestAccessibilityFeatures::test_semantic_markup 
tests/test_format_string_parser.py::TestFormatStringParser::test_validate_format_string_empty 
[gw16] [  5%] PASSED tests/test_weather_condition_analyzer.py::TestWeatherConditionAnalyzer::test_priority_score_calculation 
[gw13] [  5%] PASSED tests/test_simple_weather_client.py::test_weather_client_skips_pressure_trend_when_disabled 
[gw9] [  5%] PASSED tests/test_toga_ui_components.py::TestUIComponentInteraction::test_widget_tooltip_display 
tests/test_toga_comprehensive.py::TestAccessiWeatherApp::test_app_theme_support 
tests/test_toga_ui_components.py::TestUIComponentInteraction::test_widget_context_menu_display 
[gw6] [  5%] PASSED tests/test_location_service.py::TestLocationService::test_get_all_locations 
tests/test_config_properties.py::TestAppSettingsTypeCoercion::test_bool_string_coercion[0-False] 
[gw19] [  5%] PASSED tests/test_toga_ui_components.py::TestAccessibilityFeatures::test_semantic_markup 
[gw2] [  5%] PASSED tests/test_toga_ui_components.py::TestTogaUIComponents::test_status_bar 
tests/test_simple_weather_client.py::test_enrich_with_aviation_data_populates_taf 
tests/test_toga_ui_components.py::TestTogaUIComponents::test_menu_bar 
[gw3] [  5%] PASSED tests/test_toga_comprehensive.py::TestAccessiWeatherApp::test_app_theme_support 
tests/test_toga_comprehensive.py::TestAccessiWeatherApp::test_app_background_tasks 
[gw3] [  5%] PASSED tests/test_toga_comprehensive.py::TestAccessiWeatherApp::test_app_background_tasks 
[gw11] [  5%] PASSED tests/test_api_base_wrapper.py::TestBaseApiWrapper::test_cache_key_generation 
tests/test_api_base_wrapper.py::TestBaseApiWrapper::test_rate_limiting_enforcement 
[gw12] [  5%] PASSED tests/test_config_properties.py::TestAppSettingsTypeCoercion::test_bool_string_coercion[0-False] 
tests/test_config_properties.py::TestAppSettingsTypeCoercion::test_bool_string_coercion[no-False] 
[gw4] [  5%] PASSED tests/test_format_string_parser.py::TestFormatStringParser::test_validate_format_string_empty 
tests/test_format_string_parser.py::TestFormatStringParser::test_validate_format_string_unbalanced_braces_open 
tests/test_location_service.py::TestLocationService::test_get_all_locations_empty 
[gw17] [  5%] PASSED tests/test_weather_presenter.py::test_presenter_backfills_pressure_trend_from_hourly 
tests/test_weather_presenter.py::test_presenter_omits_pressure_trend_when_disabled 
tests/test_weather_condition_analyzer.py::TestWeatherConditionAnalyzer::test_weather_code_list_handling 
[gw16] [  5%] PASSED tests/test_weather_condition_analyzer.py::TestWeatherConditionAnalyzer::test_weather_code_list_handling 
tests/test_toga_ui_components.py::TestAccessibilityFeatures::test_alternative_text 
[gw19] [  5%] PASSED tests/test_toga_ui_components.py::TestAccessibilityFeatures::test_alternative_text 
tests/test_toga_ui_components.py::TestAccessibilityFeatures::test_error_announcements 
[gw1] [  5%] PASSED tests/test_github_config.py::TestGitHubConfigOperations::test_validate_github_app_config_mismatched_headers 
tests/test_github_config.py::TestGitHubConfigOperations::test_validate_github_app_config_pkcs1_format 
[gw1] [  5%] PASSED tests/test_github_config.py::TestGitHubConfigOperations::test_validate_github_app_config_pkcs1_format 
[gw2] [  5%] PASSED tests/test_toga_ui_components.py::TestTogaUIComponents::test_menu_bar 
tests/test_toga_ui_components.py::TestTogaUIComponents::test_dialog_windows 
[gw9] [  5%] PASSED tests/test_toga_ui_components.py::TestUIComponentInteraction::test_widget_context_menu_display 
tests/test_toga_ui_components.py::TestUIComponentInteraction::test_widget_resize_handling 
[gw0] [  5%] PASSED tests/test_simple_weather_fetching.py::TestWeatherDataFetching::test_nws_current_conditions_uses_station_with_data 
[gw17] [  5%] PASSED tests/test_weather_presenter.py::test_presenter_omits_pressure_trend_when_disabled 
tests/test_simple_weather_fetching.py::TestWeatherDataFetching::test_nws_station_selection_falls_back_after_invalid_airport 
[gw12] [  5%] PASSED tests/test_config_properties.py::TestAppSettingsTypeCoercion::test_bool_string_coercion[no-False] 
tests/test_weather_presenter.py::test_presenter_builds_aviation_section_from_taf 
tests/test_toga_comprehensive.py::TestAccessiWeatherApp::test_app_single_instance_management 
tests/test_config_properties.py::TestAppSettingsTypeCoercion::test_bool_string_coercion[off-False] 
tests/test_weather_condition_analyzer.py::TestWeatherConditionAnalyzer::test_missing_weather_data 
[gw4] [  5%] PASSED tests/test_format_string_parser.py::TestFormatStringParser::test_validate_format_string_unbalanced_braces_open 
tests/test_github_config.py::TestGitHubConfigOperations::test_set_github_app_config 
[gw6] [  6%] PASSED tests/test_location_service.py::TestLocationService::test_get_all_locations_empty 
[gw12] [  6%] PASSED tests/test_config_properties.py::TestAppSettingsTypeCoercion::test_bool_string_coercion[off-False] 
[gw19] [  6%] PASSED tests/test_toga_ui_components.py::TestAccessibilityFeatures::test_error_announcements 
tests/test_location_service.py::TestLocationService::test_add_location 
tests/test_format_string_parser.py::TestFormatStringParser::test_validate_format_string_unbalanced_braces_close 
[gw9] [  6%] PASSED tests/test_toga_ui_components.py::TestUIComponentInteraction::test_widget_resize_handling 
[gw2] [  6%] PASSED tests/test_toga_ui_components.py::TestTogaUIComponents::test_dialog_windows 
[gw7] [  6%] PASSED tests/test_config_import_export.py::TestImportSettings::test_import_settings_success 
[gw16] [  6%] PASSED tests/test_weather_condition_analyzer.py::TestWeatherConditionAnalyzer::test_missing_weather_data 
tests/test_toga_ui_components.py::TestUIComponentInteraction::test_widget_focus_events 
tests/test_toga_ui_components.py::TestTogaUIComponents::test_tab_container 
tests/test_config_properties.py::TestAppSettingsTypeCoercion::test_bool_int_coercion[1-True] 
[gw12] [  6%] PASSED tests/test_config_properties.py::TestAppSettingsTypeCoercion::test_bool_int_coercion[1-True] 
[gw1] [  6%] PASSED tests/test_github_config.py::TestGitHubConfigOperations::test_set_github_app_config 
tests/test_github_config.py::TestGitHubConfigOperations::test_set_github_app_config_strips_whitespace 
tests/test_config_import_export.py::TestImportSettings::test_import_settings_correctly_updates_config 
tests/test_config_properties.py::TestAppSettingsTypeCoercion::test_bool_int_coercion[0-False] 
[gw0] [  6%] PASSED tests/test_simple_weather_fetching.py::TestWeatherDataFetching::test_nws_station_selection_falls_back_after_invalid_airport 
[gw17] [  6%] PASSED tests/test_weather_presenter.py::test_presenter_builds_aviation_section_from_taf 
[gw12] [  6%] PASSED tests/test_config_properties.py::TestAppSettingsTypeCoercion::test_bool_int_coercion[0-False] 
tests/test_simple_weather_fetching.py::TestWeatherDataFetching::test_nws_station_selection_ignores_stale_reports 
[gw3] [  6%] PASSED tests/test_toga_comprehensive.py::TestAccessiWeatherApp::test_app_single_instance_management 
tests/test_config_properties.py::TestAppSettingsTypeCoercion::test_bool_int_coercion[42-True] 
[gw1] [  6%] PASSED tests/test_github_config.py::TestGitHubConfigOperations::test_set_github_app_config_strips_whitespace 
tests/test_toga_ui_components.py::TestAccessibilityFeatures::test_progress_announcements 
tests/test_weather_condition_analyzer.py::TestWeatherConditionAnalyzer::test_error_handling 
[gw4] [  6%] PASSED tests/test_format_string_parser.py::TestFormatStringParser::test_validate_format_string_unbalanced_braces_close 
[gw12] [  6%] PASSED tests/test_config_properties.py::TestAppSettingsTypeCoercion::test_bool_int_coercion[42-True] 
[gw2] [  6%] PASSED tests/test_toga_ui_components.py::TestTogaUIComponents::test_tab_container 
[gw9] [  6%] PASSED tests/test_toga_ui_components.py::TestUIComponentInteraction::test_widget_focus_events 
tests/test_config_properties.py::TestAppSettingsTypeCoercion::test_bool_int_coercion[-1-True] 
tests/test_weather_presenter.py::test_presenter_includes_forecast_extended_fields 
[gw19] [  6%] PASSED tests/test_toga_ui_components.py::TestAccessibilityFeatures::test_progress_announcements 
tests/test_toga_ui_components.py::TestUIComponentInteraction::test_widget_drag_drop_events 
tests/test_toga_ui_components.py::TestTogaUIComponents::test_scrollable_content 
tests/test_toga_comprehensive.py::TestAccessiWeatherApp::test_app_system_integration 
[gw12] [  6%] PASSED tests/test_config_properties.py::TestAppSettingsTypeCoercion::test_bool_int_coercion[-1-True] 
tests/test_github_config.py::TestGitHubConfigOperations::test_set_github_app_config_save_fails 
[gw17] [  6%] PASSED tests/test_weather_presenter.py::test_presenter_includes_forecast_extended_fields 
tests/test_config_properties.py::TestAppSettingsTypeCoercion::test_none_uses_default 
tests/test_format_string_parser.py::TestFormatStringParser::test_validate_format_string_unsupported_placeholder 
[gw3] [  7%] PASSED tests/test_toga_comprehensive.py::TestAccessiWeatherApp::test_app_system_integration 
[gw1] [  7%] PASSED tests/test_github_config.py::TestGitHubConfigOperations::test_set_github_app_config_save_fails 
[gw12] [  7%] PASSED tests/test_config_properties.py::TestAppSettingsTypeCoercion::test_none_uses_default 
[gw0] [  7%] PASSED tests/test_simple_weather_fetching.py::TestWeatherDataFetching::test_nws_station_selection_ignores_stale_reports 
[gw6] [  7%] PASSED tests/test_location_service.py::TestLocationService::test_add_location 
[gw4] [  7%] PASSED tests/test_format_string_parser.py::TestFormatStringParser::test_validate_format_string_unsupported_placeholder 
[gw18] [  7%] PASSED tests/test_config_import_export.py::TestExportSettings::test_export_settings_creates_valid_json_structure 
[gw14] [  7%] PASSED tests/test_sound_pack_installer.py::TestSoundPackInstaller::test_install_from_zip_success 
tests/test_location_service.py::TestLocationService::test_add_location_outside_us 
tests/test_toga_ui_components.py::TestAccessibilityFeatures::test_live_region_updates 
tests/test_simple_weather_fetching.py::TestWeatherDataFetching::test_nws_explicit_source_does_not_augment_with_openmeteo 
[gw16] [  7%] PASSED tests/test_weather_condition_analyzer.py::TestWeatherConditionAnalyzer::test_error_handling 
tests/test_config_import_export.py::TestExportSettings::test_export_settings_includes_timestamp 
[gw2] [  7%] PASSED tests/test_toga_ui_components.py::TestTogaUIComponents::test_scrollable_content 
tests/test_weather_presenter.py::test_presenter_includes_hourly_extended_fields 
tests/test_toga_ui_components.py::TestTogaUIComponents::test_widget_layout_boxes 
[gw17] [  7%] PASSED tests/test_weather_presenter.py::test_presenter_includes_hourly_extended_fields 
tests/test_weather_presenter.py::test_presenter_handles_missing_extended_fields 
tests/test_weather_condition_analyzer.py::TestWeatherConditionAnalyzer::test_alert_severity_mapping 
[gw16] [  7%] PASSED tests/test_weather_condition_analyzer.py::TestWeatherConditionAnalyzer::test_alert_severity_mapping 
tests/test_github_config.py::TestGitHubConfigOperations::test_set_github_app_config_exception 
[gw1] [  7%] PASSED tests/test_github_config.py::TestGitHubConfigOperations::test_set_github_app_config_exception 
tests/test_github_config.py::TestGitHubConfigOperations::test_get_github_app_config 
[gw19] [  7%] PASSED tests/test_toga_ui_components.py::TestAccessibilityFeatures::test_live_region_updates 
[gw2] [  7%] PASSED tests/test_toga_ui_components.py::TestTogaUIComponents::test_widget_layout_boxes 
[gw9] [  7%] PASSED tests/test_toga_ui_components.py::TestUIComponentInteraction::test_widget_drag_drop_events 
tests/test_toga_ui_components.py::TestUIComponentInteraction::test_widget_animation_events 
tests/test_weather_condition_analyzer.py::TestWeatherConditionAnalyzer::test_multiple_alerts_priority 
tests/test_toga_ui_components.py::TestAccessibilityFeatures::test_keyboard_shortcuts_accessibility 
[gw19] [  7%] PASSED tests/test_toga_ui_components.py::TestAccessibilityFeatures::test_keyboard_shortcuts_accessibility 
tests/test_toga_ui_components.py::TestAccessibilityFeatures::test_reduced_motion_support 
tests/test_format_string_parser.py::TestFormatStringParser::test_validate_format_string_multiple_unsupported 
[gw4] [  7%] PASSED tests/test_format_string_parser.py::TestFormatStringParser::test_validate_format_string_multiple_unsupported 
tests/test_format_string_parser.py::TestFormatStringParser::test_format_string_simple 
[gw17] [  7%] PASSED tests/test_weather_presenter.py::test_presenter_handles_missing_extended_fields 
tests/test_weather_presenter.py::test_presenter_includes_seasonal_metrics 
tests/test_toga_comprehensive.py::TestAccessiWeatherApp::test_app_keyboard_shortcuts 
[gw3] [  7%] PASSED tests/test_toga_comprehensive.py::TestAccessiWeatherApp::test_app_keyboard_shortcuts 
tests/test_toga_comprehensive.py::TestAccessiWeatherApp::test_app_shutdown 
[gw19] [  7%] PASSED tests/test_toga_ui_components.py::TestAccessibilityFeatures::test_reduced_motion_support 
tests/test_toga_ui_components.py::TestTogaUIComponents::test_widget_styling 
[gw2] [  7%] PASSED tests/test_toga_ui_components.py::TestTogaUIComponents::test_widget_styling 
[gw9] [  8%] PASSED tests/test_toga_ui_components.py::TestUIComponentInteraction::test_widget_animation_events 
[gw1] [  8%] PASSED tests/test_github_config.py::TestGitHubConfigOperations::test_get_github_app_config 
tests/test_github_config.py::TestGitHubConfigOperations::test_get_github_app_config_exception 
[gw1] [  8%] PASSED tests/test_github_config.py::TestGitHubConfigOperations::test_get_github_app_config_exception 
tests/test_toga_ui_components.py::TestUIComponentInteraction::test_widget_keyboard_events 
[gw6] [  8%] PASSED tests/test_location_service.py::TestLocationService::test_add_location_outside_us 
tests/test_github_config.py::TestGitHubConfigOperations::test_clear_github_app_config 
[gw4] [  8%] PASSED tests/test_format_string_parser.py::TestFormatStringParser::test_format_string_simple 
tests/test_format_string_parser.py::TestFormatStringParser::test_format_string_multiple_placeholders 
[gw11] [  8%] PASSED tests/test_api_base_wrapper.py::TestBaseApiWrapper::test_rate_limiting_enforcement 
tests/test_location_service.py::TestLocationService::test_remove_location 
tests/test_api_base_wrapper.py::TestBaseApiWrapper::test_rate_limit_thread_safety 
[gw16] [  8%] PASSED tests/test_weather_condition_analyzer.py::TestWeatherConditionAnalyzer::test_multiple_alerts_priority 
[gw1] [  8%] PASSED tests/test_github_config.py::TestGitHubConfigOperations::test_clear_github_app_config 
tests/test_sound_pack_installer.py::TestSoundPackInstaller::test_install_from_zip_missing_file 
tests/test_github_config.py::TestGitHubConfigOperations::test_has_github_app_config_true 
[gw0] [  8%] PASSED tests/test_simple_weather_fetching.py::TestWeatherDataFetching::test_nws_explicit_source_does_not_augment_with_openmeteo 
[gw3] [  8%] PASSED tests/test_toga_comprehensive.py::TestAccessiWeatherApp::test_app_shutdown 
tests/test_toga_ui_components.py::TestTogaUIComponents::test_settings_dialog_show_and_prepare 
[gw4] [  8%] PASSED tests/test_format_string_parser.py::TestFormatStringParser::test_format_string_multiple_placeholders 
[gw1] [  8%] PASSED tests/test_github_config.py::TestGitHubConfigOperations::test_has_github_app_config_true 
tests/test_github_config.py::TestGitHubConfigOperations::test_has_github_app_config_false 
[gw9] [  8%] PASSED tests/test_toga_ui_components.py::TestUIComponentInteraction::test_widget_keyboard_events 
[gw6] [  8%] PASSED tests/test_location_service.py::TestLocationService::test_remove_location 
[gw17] [  8%] PASSED tests/test_weather_presenter.py::test_presenter_includes_seasonal_metrics 
[gw1] [  8%] PASSED tests/test_github_config.py::TestGitHubConfigOperations::test_has_github_app_config_false 
tests/test_toga_ui_components.py::TestUIComponentInteraction::test_widget_mouse_events 
tests/test_location_service.py::TestLocationService::test_remove_location_not_found 
tests/test_weather_presenter.py::test_presenter_includes_summer_seasonal_metrics 
tests/test_github_config.py::TestGitHubConfigOperations::test_has_github_app_config_exception 
tests/test_simple_weather_fetching.py::TestWeatherDataFetching::test_weather_client_error_handling 
tests/test_toga_comprehensive.py::TestAccessiWeatherApp::test_app_memory_management 
[gw6] [  8%] PASSED tests/test_location_service.py::TestLocationService::test_remove_location_not_found 
tests/test_format_string_parser.py::TestFormatStringParser::test_format_string_missing_data 
[gw1] [  8%] PASSED tests/test_github_config.py::TestGitHubConfigOperations::test_has_github_app_config_exception 
tests/test_github_config.py::TestGitHubConfigOperations::test_get_github_backend_url_custom 
[gw1] [  8%] PASSED tests/test_github_config.py::TestGitHubConfigOperations::test_get_github_backend_url_custom 
tests/test_github_config.py::TestGitHubConfigOperations::test_get_github_backend_url_default 
[gw4] [  8%] PASSED tests/test_format_string_parser.py::TestFormatStringParser::test_format_string_missing_data 
[gw9] [  8%] PASSED tests/test_toga_ui_components.py::TestUIComponentInteraction::test_widget_mouse_events 
[gw3] [  8%] PASSED tests/test_toga_comprehensive.py::TestAccessiWeatherApp::test_app_memory_management 
[gw1] [  9%] PASSED tests/test_github_config.py::TestGitHubConfigOperations::test_get_github_backend_url_default 
tests/test_github_config.py::TestGitHubConfigOperations::test_get_github_backend_url_strips_whitespace 
[gw14] [  9%] PASSED tests/test_sound_pack_installer.py::TestSoundPackInstaller::test_install_from_zip_missing_file 
tests/test_toga_comprehensive.py::TestAccessiWeatherApp::test_app_performance_monitoring 
[gw3] [  9%] PASSED tests/test_toga_comprehensive.py::TestAccessiWeatherApp::test_app_performance_monitoring 
tests/test_toga_comprehensive.py::TestAccessiWeatherApp::test_app_logging_system 
tests/test_location_service.py::TestLocationService::test_set_current_location 
[gw17] [  9%] PASSED tests/test_weather_presenter.py::test_presenter_includes_summer_seasonal_metrics 
[gw1] [  9%] PASSED tests/test_github_config.py::TestGitHubConfigOperations::test_get_github_backend_url_strips_whitespace 
tests/test_github_config.py::TestGitHubConfigOperations::test_set_github_backend_url 
tests/test_sound_pack_installer.py::TestSoundPackInstaller::test_install_from_zip_no_pack_json 
[gw7] [  9%] PASSED tests/test_config_import_export.py::TestImportSettings::test_import_settings_correctly_updates_config 
[gw3] [  9%] PASSED tests/test_toga_comprehensive.py::TestAccessiWeatherApp::test_app_logging_system 
tests/test_toga_comprehensive.py::TestAccessiWeatherApp::test_app_state_management 
tests/test_config_import_export.py::TestImportSettings::test_import_settings_preserves_existing_locations 
[gw1] [  9%] PASSED tests/test_github_config.py::TestGitHubConfigOperations::test_set_github_backend_url 
tests/test_format_string_parser.py::TestFormatStringParser::test_format_string_empty 
tests/test_github_config.py::TestGitHubConfigOperations::test_set_github_backend_url_strips_whitespace 
[gw18] [  9%] PASSED tests/test_config_import_export.py::TestExportSettings::test_export_settings_includes_timestamp 
[gw4] [  9%] PASSED tests/test_format_string_parser.py::TestFormatStringParser::test_format_string_empty 
[gw3] [  9%] PASSED tests/test_toga_comprehensive.py::TestAccessiWeatherApp::test_app_state_management 
[gw1] [  9%] PASSED tests/test_github_config.py::TestGitHubConfigOperations::test_set_github_backend_url_strips_whitespace 
tests/test_format_string_parser.py::TestFormatStringParser::test_format_string_unbalanced_braces 
tests/test_config_import_export.py::TestExportSettings::test_export_settings_excludes_secure_keys 
[gw6] [  9%] PASSED tests/test_location_service.py::TestLocationService::test_set_current_location 
tests/test_github_config.py::TestGitHubConfigOperations::test_set_github_backend_url_exception 
tests/test_location_service.py::TestLocationService::test_get_location_coordinates 
[gw1] [  9%] PASSED tests/test_github_config.py::TestGitHubConfigOperations::test_set_github_backend_url_exception 
tests/test_toga_comprehensive.py::TestAccessiWeatherApp::test_app_plugin_system 
[gw6] [  9%] PASSED tests/test_location_service.py::TestLocationService::test_get_location_coordinates 
tests/test_github_config.py::TestGitHubConfigOperations::test_validate_empty_github_app_id_with_spaces 
[gw1] [  9%] PASSED tests/test_github_config.py::TestGitHubConfigOperations::test_validate_empty_github_app_id_with_spaces 
[gw4] [  9%] PASSED tests/test_format_string_parser.py::TestFormatStringParser::test_format_string_unbalanced_braces 
[gw0] [  9%] PASSED tests/test_simple_weather_fetching.py::TestWeatherDataFetching::test_weather_client_error_handling 
tests/test_format_string_parser.py::TestFormatStringParser::test_format_string_no_placeholders 
tests/test_simple_weather_fetching.py::TestWeatherDataFetching::test_weather_code_conversion 
tests/test_location_service.py::TestLocationService::test_get_location_coordinates_not_found 
[gw3] [  9%] PASSED tests/test_toga_comprehensive.py::TestAccessiWeatherApp::test_app_plugin_system 
[gw4] [  9%] PASSED tests/test_format_string_parser.py::TestFormatStringParser::test_format_string_no_placeholders 
[gw0] [  9%] PASSED tests/test_simple_weather_fetching.py::TestWeatherDataFetching::test_weather_code_conversion 
tests/test_format_string_parser.py::TestFormatStringParser::test_format_string_numeric_values 
[gw6] [  9%] PASSED tests/test_location_service.py::TestLocationService::test_get_location_coordinates_not_found 
[gw4] [ 10%] PASSED tests/test_format_string_parser.py::TestFormatStringParser::test_format_string_numeric_values 
tests/test_simple_weather_fetching.py::TestWeatherDataFetching::test_weather_code_conversion_covers_all_known_codes[0-Clear sky] 
tests/test_location_service.py::TestLocationService::test_get_nationwide_location 
tests/test_toga_comprehensive.py::TestAccessiWeatherApp::test_app_internationalization 
[gw0] [ 10%] PASSED tests/test_simple_weather_fetching.py::TestWeatherDataFetching::test_weather_code_conversion_covers_all_known_codes[0-Clear sky] 
[gw6] [ 10%] PASSED tests/test_location_service.py::TestLocationService::test_get_nationwide_location 
tests/test_format_string_parser.py::TestFormatStringParser::test_format_string_none_values 
tests/test_location_service.py::TestLocationService::test_is_nationwide_location 
[gw3] [ 10%] PASSED tests/test_toga_comprehensive.py::TestAccessiWeatherApp::test_app_internationalization 
[gw4] [ 10%] PASSED tests/test_format_string_parser.py::TestFormatStringParser::test_format_string_none_values 
[gw6] [ 10%] PASSED tests/test_location_service.py::TestLocationService::test_is_nationwide_location 
tests/test_simple_weather_fetching.py::TestWeatherDataFetching::test_weather_code_conversion_covers_all_known_codes[1-Mainly clear] 
tests/test_format_string_parser.py::TestFormatStringParser::test_format_string_duplicate_placeholders 
tests/test_toga_comprehensive.py::TestAccessiWeatherApp::test_app_data_validation 
[gw0] [ 10%] PASSED tests/test_simple_weather_fetching.py::TestWeatherDataFetching::test_weather_code_conversion_covers_all_known_codes[1-Mainly clear] 
tests/test_location_service.py::TestLocationService::test_is_nationwide_location_false 
[gw3] [ 10%] PASSED tests/test_toga_comprehensive.py::TestAccessiWeatherApp::test_app_data_validation 
[gw4] [ 10%] PASSED tests/test_format_string_parser.py::TestFormatStringParser::test_format_string_duplicate_placeholders 
tests/test_toga_comprehensive.py::TestAccessiWeatherApp::test_app_backup_restore 
tests/test_format_string_parser.py::TestFormatStringParser::test_format_string_special_characters 
tests/test_simple_weather_fetching.py::TestWeatherDataFetching::test_weather_code_conversion_covers_all_known_codes[2-Partly cloudy] 
[gw6] [ 10%] PASSED tests/test_location_service.py::TestLocationService::test_is_nationwide_location_false 
[gw3] [ 10%] PASSED tests/test_toga_comprehensive.py::TestAccessiWeatherApp::test_app_backup_restore 
[gw0] [ 10%] PASSED tests/test_simple_weather_fetching.py::TestWeatherDataFetching::test_weather_code_conversion_covers_all_known_codes[2-Partly cloudy] 
[gw4] [ 10%] PASSED tests/test_format_string_parser.py::TestFormatStringParser::test_format_string_special_characters 
tests/test_toga_comprehensive.py::TestAccessiWeatherApp::test_app_async_operations 
tests/test_format_string_parser.py::TestFormatStringParser::test_get_supported_placeholders_help 
tests/test_simple_weather_fetching.py::TestWeatherDataFetching::test_weather_code_conversion_covers_all_known_codes[3-Overcast] 
tests/test_location_service.py::TestLocationService::test_add_location_logging 
[gw14] [ 10%] PASSED tests/test_sound_pack_installer.py::TestSoundPackInstaller::test_install_from_zip_no_pack_json 
[gw4] [ 10%] PASSED tests/test_format_string_parser.py::TestFormatStringParser::test_get_supported_placeholders_help 
[gw7] [ 10%] PASSED tests/test_config_import_export.py::TestImportSettings::test_import_settings_preserves_existing_locations 
[gw3] [ 10%] PASSED tests/test_toga_comprehensive.py::TestAccessiWeatherApp::test_app_async_operations 
tests/test_config_import_export.py::TestImportSettings::test_import_settings_returns_true_on_success 
[gw0] [ 10%] PASSED tests/test_simple_weather_fetching.py::TestWeatherDataFetching::test_weather_code_conversion_covers_all_known_codes[3-Overcast] 
[gw6] [ 10%] PASSED tests/test_location_service.py::TestLocationService::test_add_location_logging 
tests/test_simple_weather_fetching.py::TestWeatherDataFetching::test_weather_code_conversion_covers_all_known_codes[45-Fog] 
tests/test_sound_pack_installer.py::TestSoundPackInstaller::test_install_from_zip_missing_sounds 
tests/test_toga_comprehensive.py::TestAccessiWeatherApp::test_app_event_system 
[gw18] [ 10%] PASSED tests/test_config_import_export.py::TestExportSettings::test_export_settings_excludes_secure_keys 
tests/test_config_import_export.py::TestExportSettings::test_export_settings_returns_true_on_success 
[gw0] [ 10%] PASSED tests/test_simple_weather_fetching.py::TestWeatherDataFetching::test_weather_code_conversion_covers_all_known_codes[45-Fog] 
tests/test_simple_weather_fetching.py::TestWeatherDataFetching::test_weather_code_conversion_covers_all_known_codes[48-Depositing rime fog] 
tests/test_location_service.py::TestLocationService::test_remove_location_logging 
[gw0] [ 10%] PASSED tests/test_simple_weather_fetching.py::TestWeatherDataFetching::test_weather_code_conversion_covers_all_known_codes[48-Depositing rime fog] 
[gw3] [ 11%] PASSED tests/test_toga_comprehensive.py::TestAccessiWeatherApp::test_app_event_system 
tests/test_simple_weather_fetching.py::TestWeatherDataFetching::test_weather_code_conversion_covers_all_known_codes[51-Light drizzle] 
[gw0] [ 11%] PASSED tests/test_simple_weather_fetching.py::TestWeatherDataFetching::test_weather_code_conversion_covers_all_known_codes[51-Light drizzle] 
tests/test_toga_comprehensive.py::TestAccessiWeatherApp::test_app_configuration_migration 
tests/test_simple_weather_fetching.py::TestWeatherDataFetching::test_weather_code_conversion_covers_all_known_codes[53-Moderate drizzle] 
[gw3] [ 11%] PASSED tests/test_toga_comprehensive.py::TestAccessiWeatherApp::test_app_configuration_migration 
[gw0] [ 11%] PASSED tests/test_simple_weather_fetching.py::TestWeatherDataFetching::test_weather_code_conversion_covers_all_known_codes[53-Moderate drizzle] 
tests/test_simple_weather_fetching.py::TestWeatherDataFetching::test_weather_code_conversion_covers_all_known_codes[55-Dense drizzle] 
tests/test_toga_comprehensive.py::TestAccessiWeatherApp::test_app_security_features 
[gw6] [ 11%] PASSED tests/test_location_service.py::TestLocationService::test_remove_location_logging 
[gw0] [ 11%] PASSED tests/test_simple_weather_fetching.py::TestWeatherDataFetching::test_weather_code_conversion_covers_all_known_codes[55-Dense drizzle] 
[gw3] [ 11%] PASSED tests/test_toga_comprehensive.py::TestAccessiWeatherApp::test_app_security_features 
tests/test_location_service.py::TestLocationService::test_set_current_location_logging 
[gw18] [ 11%] PASSED tests/test_config_import_export.py::TestExportSettings::test_export_settings_returns_true_on_success 
tests/test_simple_weather_fetching.py::TestWeatherDataFetching::test_weather_code_conversion_covers_all_known_codes[56-Light freezing drizzle] 
tests/test_toga_comprehensive.py::TestAccessiWeatherApp::test_app_update_system 
tests/test_config_import_export.py::TestExportSettings::test_export_settings_returns_false_on_write_error 
[gw0] [ 11%] PASSED tests/test_simple_weather_fetching.py::TestWeatherDataFetching::test_weather_code_conversion_covers_all_known_codes[56-Light freezing drizzle] 
tests/test_simple_weather_fetching.py::TestWeatherDataFetching::test_weather_code_conversion_covers_all_known_codes[57-Dense freezing drizzle] 
[gw6] [ 11%] PASSED tests/test_location_service.py::TestLocationService::test_set_current_location_logging 
[gw3] [ 11%] PASSED tests/test_toga_comprehensive.py::TestAccessiWeatherApp::test_app_update_system 
[gw0] [ 11%] PASSED tests/test_simple_weather_fetching.py::TestWeatherDataFetching::test_weather_code_conversion_covers_all_known_codes[57-Dense freezing drizzle] 
tests/test_location_service.py::TestLocationService::test_get_location_coordinates_multiple_locations 
[gw7] [ 11%] PASSED tests/test_config_import_export.py::TestImportSettings::test_import_settings_returns_true_on_success 
tests/test_simple_weather_fetching.py::TestWeatherDataFetching::test_weather_code_conversion_covers_all_known_codes[61-Slight rain] 
tests/test_toga_comprehensive.py::TestAccessiWeatherApp::test_app_crash_recovery 
[gw6] [ 11%] PASSED tests/test_location_service.py::TestLocationService::test_get_location_coordinates_multiple_locations 
tests/test_config_import_export.py::TestImportSettings::test_import_settings_calls_save_config 
[gw0] [ 11%] PASSED tests/test_simple_weather_fetching.py::TestWeatherDataFetching::test_weather_code_conversion_covers_all_known_codes[61-Slight rain] 
[gw18] [ 11%] PASSED tests/test_config_import_export.py::TestExportSettings::test_export_settings_returns_false_on_write_error 
tests/test_simple_weather_fetching.py::TestWeatherDataFetching::test_weather_code_conversion_covers_all_known_codes[63-Moderate rain] 
[gw3] [ 11%] PASSED tests/test_toga_comprehensive.py::TestAccessiWeatherApp::test_app_crash_recovery 
[gw0] [ 11%] PASSED tests/test_simple_weather_fetching.py::TestWeatherDataFetching::test_weather_code_conversion_covers_all_known_codes[63-Moderate rain] 
tests/test_config_import_export.py::TestExportSettings::test_export_settings_handles_permission_errors 
tests/test_simple_weather_fetching.py::TestWeatherDataFetching::test_weather_code_conversion_covers_all_known_codes[65-Heavy rain] 
[gw0] [ 11%] PASSED tests/test_simple_weather_fetching.py::TestWeatherDataFetching::test_weather_code_conversion_covers_all_known_codes[65-Heavy rain] 
[gw11] [ 11%] PASSED tests/test_api_base_wrapper.py::TestBaseApiWrapper::test_rate_limit_thread_safety 
tests/test_simple_weather_fetching.py::TestWeatherDataFetching::test_weather_code_conversion_covers_all_known_codes[66-Light freezing rain] 
[gw0] [ 11%] PASSED tests/test_simple_weather_fetching.py::TestWeatherDataFetching::test_weather_code_conversion_covers_all_known_codes[66-Light freezing rain] 
tests/test_api_base_wrapper.py::TestBaseApiWrapper::test_fetch_url_success 
tests/test_simple_weather_fetching.py::TestWeatherDataFetching::test_weather_code_conversion_covers_all_known_codes[67-Heavy freezing rain] 
[gw18] [ 11%] PASSED tests/test_config_import_export.py::TestExportSettings::test_export_settings_handles_permission_errors 
[gw0] [ 12%] PASSED tests/test_simple_weather_fetching.py::TestWeatherDataFetching::test_weather_code_conversion_covers_all_known_codes[67-Heavy freezing rain] 
tests/test_simple_weather_fetching.py::TestWeatherDataFetching::test_weather_code_conversion_covers_all_known_codes[71-Slight snow fall] 
tests/test_config_import_export.py::TestExportSettings::test_export_settings_logs_success 
[gw0] [ 12%] PASSED tests/test_simple_weather_fetching.py::TestWeatherDataFetching::test_weather_code_conversion_covers_all_known_codes[71-Slight snow fall] 
[gw11] [ 12%] PASSED tests/test_api_base_wrapper.py::TestBaseApiWrapper::test_fetch_url_success 
[gw7] [ 12%] PASSED tests/test_config_import_export.py::TestImportSettings::test_import_settings_calls_save_config 
tests/test_simple_weather_fetching.py::TestWeatherDataFetching::test_weather_code_conversion_covers_all_known_codes[73-Moderate snow fall] 
tests/test_api_base_wrapper.py::TestBaseApiWrapper::test_fetch_url_with_headers 
tests/test_config_import_export.py::TestImportSettings::test_import_settings_handles_missing_fields 
[gw0] [ 12%] PASSED tests/test_simple_weather_fetching.py::TestWeatherDataFetching::test_weather_code_conversion_covers_all_known_codes[73-Moderate snow fall] 
tests/test_simple_weather_fetching.py::TestWeatherDataFetching::test_weather_code_conversion_covers_all_known_codes[75-Heavy snow fall] 
tests/test_config_properties.py::TestAppSettingsTypeCoercion::test_invalid_string_uses_default 
[gw0] [ 12%] PASSED tests/test_simple_weather_fetching.py::TestWeatherDataFetching::test_weather_code_conversion_covers_all_known_codes[75-Heavy snow fall] 
tests/test_simple_weather_fetching.py::TestWeatherDataFetching::test_weather_code_conversion_covers_all_known_codes[77-Snow grains] 
[gw11] [ 12%] PASSED tests/test_api_base_wrapper.py::TestBaseApiWrapper::test_fetch_url_with_headers 
[gw0] [ 12%] PASSED tests/test_simple_weather_fetching.py::TestWeatherDataFetching::test_weather_code_conversion_covers_all_known_codes[77-Snow grains] 
tests/test_api_base_wrapper.py::TestBaseApiWrapper::test_fetch_url_http_error_404 
tests/test_simple_weather_fetching.py::TestWeatherDataFetching::test_weather_code_conversion_covers_all_known_codes[80-Slight rain showers] 
[gw0] [ 12%] PASSED tests/test_simple_weather_fetching.py::TestWeatherDataFetching::test_weather_code_conversion_covers_all_known_codes[80-Slight rain showers] 
[gw18] [ 12%] PASSED tests/test_config_import_export.py::TestExportSettings::test_export_settings_logs_success 
tests/test_weather_condition_analyzer.py::TestWeatherConditionAnalyzer::test_template_determination_priority 
tests/test_simple_weather_fetching.py::TestWeatherDataFetching::test_weather_code_conversion_covers_all_known_codes[81-Moderate rain showers] 
[gw16] [ 12%] PASSED tests/test_weather_condition_analyzer.py::TestWeatherConditionAnalyzer::test_template_determination_priority 
tests/test_config_import_export.py::TestExportSettings::test_export_settings_logs_failure 
tests/test_toga_ui_components.py::TestAccessibilityFeatures::test_screen_reader_only_content 
tests/test_github_update_service.py::TestSchedulePortableUpdateAndRestartSecurity::test_subprocess_call_without_shell_true 
[gw0] [ 12%] PASSED tests/test_simple_weather_fetching.py::TestWeatherDataFetching::test_weather_code_conversion_covers_all_known_codes[81-Moderate rain showers] 
tests/test_simple_weather_fetching.py::TestWeatherDataFetching::test_weather_code_conversion_covers_all_known_codes[82-Violent rain showers] 
[gw19] [ 12%] PASSED tests/test_toga_ui_components.py::TestAccessibilityFeatures::test_screen_reader_only_content 
tests/test_path_validator.py::TestValidateExecutablePath::test_valid_msi_path 
[gw11] [ 12%] PASSED tests/test_api_base_wrapper.py::TestBaseApiWrapper::test_fetch_url_http_error_404 
tests/test_api_base_wrapper.py::TestBaseApiWrapper::test_fetch_url_rate_limit_retry 
[gw0] [ 12%] PASSED tests/test_simple_weather_fetching.py::TestWeatherDataFetching::test_weather_code_conversion_covers_all_known_codes[82-Violent rain showers] 
tests/test_simple_weather_fetching.py::TestWeatherDataFetching::test_weather_code_conversion_covers_all_known_codes[85-Slight snow showers] 
[gw0] [ 12%] PASSED tests/test_simple_weather_fetching.py::TestWeatherDataFetching::test_weather_code_conversion_covers_all_known_codes[85-Slight snow showers] 
tests/test_simple_weather_fetching.py::TestWeatherDataFetching::test_weather_code_conversion_covers_all_known_codes[86-Heavy snow showers] 
[gw0] [ 12%] PASSED tests/test_simple_weather_fetching.py::TestWeatherDataFetching::test_weather_code_conversion_covers_all_known_codes[86-Heavy snow showers] 
tests/test_simple_weather_fetching.py::TestWeatherDataFetching::test_weather_code_conversion_covers_all_known_codes[95-Thunderstorm] 
[gw19] [ 12%] PASSED tests/test_path_validator.py::TestValidateExecutablePath::test_valid_msi_path 
[gw11] [ 12%] PASSED tests/test_api_base_wrapper.py::TestBaseApiWrapper::test_fetch_url_rate_limit_retry 
tests/test_toga_ui_components.py::TestUIComponentInteraction::test_widget_scroll_events 
tests/test_weather_presenter.py::test_presenter_respects_seasonal_data_setting 
[gw14] [ 12%] PASSED tests/test_sound_pack_installer.py::TestSoundPackInstaller::test_install_from_zip_missing_sounds 
[gw7] [ 12%] PASSED tests/test_config_import_export.py::TestImportSettings::test_import_settings_handles_missing_fields 
[gw9] [ 13%] PASSED tests/test_toga_ui_components.py::TestUIComponentInteraction::test_widget_scroll_events 
tests/test_sound_pack_installer.py::TestSoundPackInstaller::test_install_from_zip_already_exists 
tests/test_api_base_wrapper.py::TestBaseApiWrapper::test_fetch_url_rate_limit_max_retries_exceeded 
[gw0] [ 13%] PASSED tests/test_simple_weather_fetching.py::TestWeatherDataFetching::test_weather_code_conversion_covers_all_known_codes[95-Thunderstorm] 
[gw18] [ 13%] PASSED tests/test_config_import_export.py::TestExportSettings::test_export_settings_logs_failure 
tests/test_path_validator.py::TestValidateExecutablePath::test_valid_zip_path 
tests/test_config_import_export.py::TestImportSettings::test_import_settings_validates_json_structure 
tests/test_config_import_export.py::TestExportSettings::test_export_settings_preserves_complex_settings 
tests/test_toga_weather_client.py::TestWeatherClient::test_weather_client_initialization 
[gw17] [ 13%] PASSED tests/test_weather_presenter.py::test_presenter_respects_seasonal_data_setting 
[gw9] [ 13%] PASSED tests/test_toga_weather_client.py::TestWeatherClient::test_weather_client_initialization 
tests/test_simple_weather_fetching.py::TestWeatherDataFetching::test_weather_code_conversion_covers_all_known_codes[96-Thunderstorm with slight hail] 
tests/test_sound_pack_system_submission.py::test_submit_pack_no_config_manager 
tests/test_toga_weather_client.py::TestWeatherClient::test_weather_client_get_current_weather 
[gw11] [ 13%] PASSED tests/test_api_base_wrapper.py::TestBaseApiWrapper::test_fetch_url_rate_limit_max_retries_exceeded 
tests/test_api_base_wrapper.py::TestBaseApiWrapper::test_fetch_url_network_error 
tests/test_github_config.py::TestGitHubConfigOperations::test_validate_private_key_with_extra_whitespace 
[gw0] [ 13%] PASSED tests/test_simple_weather_fetching.py::TestWeatherDataFetching::test_weather_code_conversion_covers_all_known_codes[96-Thunderstorm with slight hail] 
[gw1] [ 13%] PASSED tests/test_github_config.py::TestGitHubConfigOperations::test_validate_private_key_with_extra_whitespace 
tests/test_simple_weather_fetching.py::TestWeatherDataFetching::test_weather_code_conversion_covers_all_known_codes[99-Thunderstorm with heavy hail] 
tests/test_additional_coverage.py::TestModelHelpers::test_weather_alert_get_unique_id 
[gw11] [ 13%] PASSED tests/test_api_base_wrapper.py::TestBaseApiWrapper::test_fetch_url_network_error 
tests/test_api_base_wrapper.py::TestBaseApiWrapper::test_fetch_url_unexpected_error 
[gw1] [ 13%] PASSED tests/test_additional_coverage.py::TestModelHelpers::test_weather_alert_get_unique_id 
[gw0] [ 13%] PASSED tests/test_simple_weather_fetching.py::TestWeatherDataFetching::test_weather_code_conversion_covers_all_known_codes[99-Thunderstorm with heavy hail] 
tests/test_simple_weather_fetching.py::TestWeatherDataFetching::test_weather_code_conversion_accepts_string_input 
tests/test_additional_coverage.py::TestModelHelpers::test_weather_alert_get_unique_id_different_areas 
tests/test_format_string_parser.py::TestFormatStringParser::test_supported_placeholders_completeness 
[gw9] [ 13%] PASSED tests/test_toga_weather_client.py::TestWeatherClient::test_weather_client_get_current_weather 
[gw1] [ 13%] PASSED tests/test_additional_coverage.py::TestModelHelpers::test_weather_alert_get_unique_id_different_areas 
tests/test_additional_coverage.py::TestModelHelpers::test_weather_alert_get_unique_id_with_id 
[gw4] [ 13%] PASSED tests/test_format_string_parser.py::TestFormatStringParser::test_supported_placeholders_completeness 
[gw7] [ 13%] PASSED tests/test_config_import_export.py::TestImportSettings::test_import_settings_validates_json_structure 
[gw11] [ 13%] PASSED tests/test_api_base_wrapper.py::TestBaseApiWrapper::test_fetch_url_unexpected_error 
[gw0] [ 13%] PASSED tests/test_simple_weather_fetching.py::TestWeatherDataFetching::test_weather_code_conversion_accepts_string_input 
tests/test_config_import_export.py::TestImportSettings::test_import_settings_validates_settings_key_is_dict 
tests/test_api_base_wrapper.py::TestBaseApiWrapper::test_get_cached_or_fetch_no_cache 
tests/test_toga_weather_client.py::TestWeatherClient::test_weather_client_get_forecast 
tests/test_alert_accessibility.py::TestAccessibleMessageFormatting::test_new_alert_basic_format 
[gw1] [ 13%] PASSED tests/test_additional_coverage.py::TestModelHelpers::test_weather_alert_get_unique_id_with_id 
tests/test_additional_coverage.py::TestModelHelpers::test_weather_alert_content_hash 
[gw4] [ 13%] PASSED tests/test_alert_accessibility.py::TestAccessibleMessageFormatting::test_new_alert_basic_format 
[gw19] [ 13%] PASSED tests/test_path_validator.py::TestValidateExecutablePath::test_valid_zip_path 
tests/test_simple_weather_fetching.py::TestWeatherDataFetching::test_unit_conversions 
[gw1] [ 13%] PASSED tests/test_additional_coverage.py::TestModelHelpers::test_weather_alert_content_hash 
[gw18] [ 13%] PASSED tests/test_config_import_export.py::TestExportSettings::test_export_settings_preserves_complex_settings 
tests/test_additional_coverage.py::TestModelHelpers::test_weather_alert_is_expired_no_expiry 
[gw11] [ 14%] PASSED tests/test_api_base_wrapper.py::TestBaseApiWrapper::test_get_cached_or_fetch_no_cache 
tests/test_config_import_export.py::TestExportSettings::test_export_settings_with_all_default_values 
[gw0] [ 14%] PASSED tests/test_simple_weather_fetching.py::TestWeatherDataFetching::test_unit_conversions 
tests/test_api_base_wrapper.py::TestBaseApiWrapper::test_get_cached_or_fetch_with_cache 
[gw9] [ 14%] PASSED tests/test_toga_weather_client.py::TestWeatherClient::test_weather_client_get_forecast 
tests/test_toga_weather_client.py::TestWeatherClient::test_weather_client_get_hourly_forecast 
tests/test_alert_accessibility.py::TestAccessibleMessageFormatting::test_escalated_alert_title 
tests/test_path_validator.py::TestValidateExecutablePath::test_valid_bat_path 
tests/test_location_service.py::TestLocationService::test_service_with_empty_locations 
tests/test_toga_comprehensive.py::TestAccessiWeatherApp::test_app_resource_management 
[gw1] [ 14%] PASSED tests/test_additional_coverage.py::TestModelHelpers::test_weather_alert_is_expired_no_expiry 
tests/test_additional_coverage.py::TestModelHelpers::test_weather_alert_is_expired_future 
[gw6] [ 14%] PASSED tests/test_location_service.py::TestLocationService::test_service_with_empty_locations 
[gw11] [ 14%] PASSED tests/test_api_base_wrapper.py::TestBaseApiWrapper::test_get_cached_or_fetch_with_cache 
[gw15] [ 14%] PASSED tests/test_update_progress_dialog.py::TestUpdateProgressDialog::test_show_and_prepare 
[gw3] [ 14%] PASSED tests/test_toga_comprehensive.py::TestAccessiWeatherApp::test_app_resource_management 
tests/test_api_base_wrapper.py::TestBaseApiWrapper::test_get_cached_or_fetch_force_refresh 
tests/test_update_progress_dialog.py::TestUpdateProgressDialog::test_show_and_prepare_exception 
tests/test_openrouter_models.py::TestOpenRouterModelsClient::test_client_initialization 
[gw4] [ 14%] PASSED tests/test_alert_accessibility.py::TestAccessibleMessageFormatting::test_escalated_alert_title 
[gw11] [ 14%] PASSED tests/test_api_base_wrapper.py::TestBaseApiWrapper::test_get_cached_or_fetch_force_refresh 
tests/test_alert_accessibility.py::TestAccessibleMessageFormatting::test_updated_alert_title 
tests/test_config_import_export.py::TestExportImportIntegration::test_round_trip_preserves_basic_settings 
[gw1] [ 14%] PASSED tests/test_additional_coverage.py::TestModelHelpers::test_weather_alert_is_expired_future 
tests/test_additional_coverage.py::TestModelHelpers::test_weather_alert_is_expired_past 
[gw1] [ 14%] PASSED tests/test_additional_coverage.py::TestModelHelpers::test_weather_alert_is_expired_past 
tests/test_additional_coverage.py::TestModelHelpers::test_weather_alert_severity_priority 
[gw3] [ 14%] PASSED tests/test_openrouter_models.py::TestOpenRouterModelsClient::test_client_initialization 
[gw9] [ 14%] PASSED tests/test_toga_weather_client.py::TestWeatherClient::test_weather_client_get_hourly_forecast 
tests/test_openrouter_models.py::TestOpenRouterModelsClient::test_client_initialization_with_api_key 
[gw4] [ 14%] PASSED tests/test_alert_accessibility.py::TestAccessibleMessageFormatting::test_updated_alert_title 
[gw1] [ 14%] PASSED tests/test_additional_coverage.py::TestModelHelpers::test_weather_alert_severity_priority 
tests/test_alert_accessibility.py::TestAccessibleMessageFormatting::test_reminder_alert_title 
[gw3] [ 14%] PASSED tests/test_openrouter_models.py::TestOpenRouterModelsClient::test_client_initialization_with_api_key 
tests/test_additional_coverage.py::TestModelHelpers::test_app_settings_as_bool 
[gw17] [ 14%] PASSED tests/test_sound_pack_system_submission.py::test_submit_pack_no_config_manager 
tests/test_toga_weather_client.py::TestWeatherClient::test_weather_client_get_alerts 
[gw15] [ 14%] PASSED tests/test_update_progress_dialog.py::TestUpdateProgressDialog::test_show_and_prepare_exception 
[gw4] [ 14%] PASSED tests/test_alert_accessibility.py::TestAccessibleMessageFormatting::test_reminder_alert_title 
[gw1] [ 14%] PASSED tests/test_additional_coverage.py::TestModelHelpers::test_app_settings_as_bool 
tests/test_openrouter_models.py::TestOpenRouterModelsClient::test_parse_pricing_number 
tests/test_update_progress_dialog.py::TestUpdateProgressDialog::test_await_without_future 
tests/test_sound_pack_system_submission.py::test_submit_pack_with_config_manager 
tests/test_alert_accessibility.py::TestAccessibleMessageFormatting::test_missing_headline_fallback 
[gw3] [ 14%] PASSED tests/test_openrouter_models.py::TestOpenRouterModelsClient::test_parse_pricing_number 
tests/test_openrouter_models.py::TestOpenRouterModelsClient::test_parse_pricing_string 
[gw15] [ 15%] PASSED tests/test_update_progress_dialog.py::TestUpdateProgressDialog::test_await_without_future 
[gw7] [ 15%] PASSED tests/test_config_import_export.py::TestImportSettings::test_import_settings_validates_settings_key_is_dict 
tests/test_update_progress_dialog.py::TestUpdateProgressDialog::test_update_progress 
tests/test_additional_coverage.py::TestModelHelpers::test_app_settings_to_dict 
[gw18] [ 15%] PASSED tests/test_config_import_export.py::TestExportSettings::test_export_settings_with_all_default_values 
[gw4] [ 15%] PASSED tests/test_alert_accessibility.py::TestAccessibleMessageFormatting::test_missing_headline_fallback 
tests/test_config_import_export.py::TestExportSettings::test_export_settings_to_nested_directory 
[gw1] [ 15%] PASSED tests/test_additional_coverage.py::TestModelHelpers::test_app_settings_to_dict 
tests/test_alert_accessibility.py::TestAccessibleMessageFormatting::test_urgency_filtering 
tests/test_config_import_export.py::TestImportSettings::test_import_settings_validates_missing_settings_key 
[gw15] [ 15%] PASSED tests/test_update_progress_dialog.py::TestUpdateProgressDialog::test_update_progress 
[gw3] [ 15%] PASSED tests/test_openrouter_models.py::TestOpenRouterModelsClient::test_parse_pricing_string 
tests/test_openrouter_models.py::TestOpenRouterModelsClient::test_parse_pricing_none 
tests/test_additional_coverage.py::TestModelHelpers::test_app_config_to_dict 
[gw9] [ 15%] PASSED tests/test_toga_weather_client.py::TestWeatherClient::test_weather_client_get_alerts 
tests/test_toga_weather_client.py::TestWeatherClient::test_weather_client_error_handling 
[gw4] [ 15%] PASSED tests/test_alert_accessibility.py::TestAccessibleMessageFormatting::test_urgency_filtering 
[gw1] [ 15%] PASSED tests/test_additional_coverage.py::TestModelHelpers::test_app_config_to_dict 
tests/test_update_progress_dialog.py::TestUpdateProgressDialog::test_update_progress_preparing 
tests/test_alert_accessibility.py::TestAccessibleMessageFormatting::test_description_truncation 
tests/test_additional_coverage.py::TestModelHelpers::test_app_settings_from_dict 
[gw9] [ 15%] PASSED tests/test_toga_weather_client.py::TestWeatherClient::test_weather_client_error_handling 
[gw3] [ 15%] PASSED tests/test_openrouter_models.py::TestOpenRouterModelsClient::test_parse_pricing_none 
[gw1] [ 15%] PASSED tests/test_additional_coverage.py::TestModelHelpers::test_app_settings_from_dict 
[gw18] [ 15%] PASSED tests/test_config_import_export.py::TestExportSettings::test_export_settings_to_nested_directory 
tests/test_toga_weather_client.py::TestWeatherClient::test_weather_client_timeout_handling 
[gw19] [ 15%] PASSED tests/test_path_validator.py::TestValidateExecutablePath::test_valid_bat_path 
tests/test_simple_weather_fetching.py::TestWeatherDataFetching::test_full_weather_data_integration 
[gw4] [ 15%] PASSED tests/test_alert_accessibility.py::TestAccessibleMessageFormatting::test_description_truncation 
[gw9] [ 15%] PASSED tests/test_toga_weather_client.py::TestWeatherClient::test_weather_client_timeout_handling 
tests/test_alert_accessibility.py::TestAccessibleMessageFormatting::test_areas_list_truncation 
tests/test_toga_weather_client.py::TestWeatherClient::test_weather_client_cache_validation 
tests/test_config_import_export.py::TestExportSettings::test_export_settings_overwrites_existing_file 
tests/test_openrouter_models.py::TestOpenRouterModelsClient::test_parse_pricing_invalid_string 
tests/test_path_validator.py::TestValidateExecutablePath::test_nonexistent_file 
[gw4] [ 15%] PASSED tests/test_alert_accessibility.py::TestAccessibleMessageFormatting::test_areas_list_truncation 
tests/test_api_base_wrapper.py::TestBaseApiWrapper::test_abstract_methods_must_be_implemented 
[gw9] [ 15%] PASSED tests/test_toga_weather_client.py::TestWeatherClient::test_weather_client_cache_validation 
tests/test_alert_accessibility.py::TestAccessibleMessageFormatting::test_exclude_areas_option 
[gw3] [ 15%] PASSED tests/test_openrouter_models.py::TestOpenRouterModelsClient::test_parse_pricing_invalid_string 
[gw11] [ 15%] PASSED tests/test_api_base_wrapper.py::TestBaseApiWrapper::test_abstract_methods_must_be_implemented 
[gw6] [ 15%] PASSED tests/test_config_import_export.py::TestExportImportIntegration::test_round_trip_preserves_basic_settings 
[gw15] [ 16%] PASSED tests/test_update_progress_dialog.py::TestUpdateProgressDialog::test_update_progress_preparing 
tests/test_openrouter_models.py::TestOpenRouterModelsClient::test_parse_model_free_by_suffix 
tests/test_config_import_export.py::TestExportImportIntegration::test_round_trip_preserves_all_settings_fields 
tests/test_cache.py::TestCache::test_cache_initialization 
[gw19] [ 16%] PASSED tests/test_path_validator.py::TestValidateExecutablePath::test_nonexistent_file 
[gw11] [ 16%] PASSED tests/test_cache.py::TestCache::test_cache_initialization 
[gw17] [ 16%] PASSED tests/test_sound_pack_system_submission.py::test_submit_pack_with_config_manager 
tests/test_cache.py::TestCache::test_set_and_get 
tests/test_sound_pack_system_submission.py::test_submit_pack_anonymous_no_config_manager 
[gw11] [ 16%] PASSED tests/test_cache.py::TestCache::test_set_and_get 
tests/test_cache.py::TestCache::test_get_nonexistent_key 
[gw3] [ 16%] PASSED tests/test_openrouter_models.py::TestOpenRouterModelsClient::test_parse_model_free_by_suffix 
tests/test_toga_weather_client.py::TestWeatherClient::test_weather_client_cache_expiration 
tests/test_update_progress_dialog.py::TestUpdateProgressDialog::test_update_progress_finalizing 
[gw11] [ 16%] PASSED tests/test_cache.py::TestCache::test_get_nonexistent_key 
tests/test_openrouter_models.py::TestOpenRouterModelsClient::test_parse_model_free_by_pricing 
tests/test_cache.py::TestCache::test_set_with_custom_ttl 
[gw9] [ 16%] PASSED tests/test_toga_weather_client.py::TestWeatherClient::test_weather_client_cache_expiration 
tests/test_toga_weather_client.py::TestWeatherClient::test_weather_client_location_update 
[gw11] [ 16%] PASSED tests/test_cache.py::TestCache::test_set_with_custom_ttl 
[gw4] [ 16%] PASSED tests/test_alert_accessibility.py::TestAccessibleMessageFormatting::test_exclude_areas_option 
[gw0] [ 16%] PASSED tests/test_simple_weather_fetching.py::TestWeatherDataFetching::test_full_weather_data_integration 
tests/test_path_validator.py::TestValidateExecutablePath::test_wrong_extension 
tests/test_alert_accessibility.py::TestAccessibleMessageFormatting::test_exclude_expiration_option 
[gw9] [ 16%] PASSED tests/test_toga_weather_client.py::TestWeatherClient::test_weather_client_location_update 
tests/test_settings_dialog.py::TestImportSettingsHandler::test_import_shows_confirmation_dialog 
tests/test_toga_weather_client.py::TestWeatherClient::test_weather_client_data_source_switching 
[gw4] [ 16%] PASSED tests/test_alert_accessibility.py::TestAccessibleMessageFormatting::test_exclude_expiration_option 
[gw3] [ 16%] PASSED tests/test_openrouter_models.py::TestOpenRouterModelsClient::test_parse_model_free_by_pricing 
tests/test_alert_accessibility.py::TestAccessibleMessageFormatting::test_missing_severity_defaults_to_unknown 
tests/test_cache.py::TestCache::test_expired_entry 
[gw7] [ 16%] PASSED tests/test_config_import_export.py::TestImportSettings::test_import_settings_validates_missing_settings_key 
tests/test_openrouter_models.py::TestOpenRouterModelsClient::test_parse_model_paid 
[gw4] [ 16%] PASSED tests/test_alert_accessibility.py::TestAccessibleMessageFormatting::test_missing_severity_defaults_to_unknown 
tests/test_config_import_export.py::TestImportSettings::test_import_settings_validates_data_source 
[gw3] [ 16%] PASSED tests/test_openrouter_models.py::TestOpenRouterModelsClient::test_parse_model_paid 
[gw19] [ 16%] PASSED tests/test_path_validator.py::TestValidateExecutablePath::test_wrong_extension 
[gw9] [ 16%] PASSED tests/test_toga_weather_client.py::TestWeatherClient::test_weather_client_data_source_switching 
tests/test_toga_weather_client.py::TestWeatherClient::test_weather_client_parallel_requests 
[gw0] [ 16%] PASSED tests/test_settings_dialog.py::TestImportSettingsHandler::test_import_shows_confirmation_dialog 
tests/test_additional_coverage.py::TestModelHelpers::test_app_settings_to_alert_settings 
tests/test_path_validator.py::TestValidateExecutablePath::test_path_traversal_attempt 
[...]
tests/test_taskbar_icon_properties.py::TestTemperatureFormatConsistencyProperty::test_temperature_unit_respected 
[gw6] [ 96%] PASSED tests/test_geocoding_integration.py::TestGeocodingServiceIntegration::test_suggest_locations_worldwide 
tests/test_smart_auto_properties.py::TestForecastFieldPreservation::test_precipitation_probability_preserved 
[gw14] [ 96%] PASSED tests/test_format_string_parser_properties.py::TestValidFormatStringDoesNotCrash::test_valid_format_string_does_not_crash 
tests/test_system_tray_window_management.py::TestSystemTrayStateConsistencyProperty::test_minimize_behavior_consistency 
[gw14] [ 96%] PASSED tests/test_system_tray_window_management.py::TestSystemTrayStateConsistencyProperty::test_minimize_behavior_consistency 
tests/test_system_tray_window_management.py::TestFallbackMinimizeBehaviorProperty::test_fallback_to_taskbar_when_tray_unavailable 
[gw15] [ 96%] PASSED tests/test_smart_auto_properties.py::TestNoDataLossDuringMerge::test_all_available_fields_preserved 
[gw4] [ 96%] PASSED tests/test_weather_client_nws.py::test_get_nws_tafs_falls_back_to_aviationweather 
tests/test_smart_auto_properties.py::TestAlertDetailPreservation::test_longest_description_preserved 
tests/test_weather_presenter_priority.py::TestWeatherPresenterPriority::test_presenter_passes_alerts_to_current_conditions 
[gw14] [ 96%] PASSED tests/test_system_tray_window_management.py::TestFallbackMinimizeBehaviorProperty::test_fallback_to_taskbar_when_tray_unavailable 
tests/test_taskbar_icon_properties.py::TestInvalidFormatFallbackProperty::test_invalid_format_uses_fallback 
[gw4] [ 96%] PASSED tests/test_weather_presenter_priority.py::TestWeatherPresenterPriority::test_presenter_passes_alerts_to_current_conditions 
tests/test_weather_presenter_priority.py::TestWeatherPresenterPriority::test_present_current_passes_alerts_for_priority 
[gw4] [ 96%] PASSED tests/test_weather_presenter_priority.py::TestWeatherPresenterPriority::test_present_current_passes_alerts_for_priority 
tests/test_weather_trends_properties.py::test_compute_daily_trend_properties 
[gw19] [ 96%] PASSED tests/test_taskbar_icon_properties.py::TestTemperatureFormatConsistencyProperty::test_temperature_unit_respected 
tests/test_taskbar_icon_properties.py::TestIdempotencyProperty::test_formatting_is_idempotent 
[gw15] [ 96%] PASSED tests/test_smart_auto_properties.py::TestAlertDetailPreservation::test_longest_description_preserved 
tests/test_smart_auto_properties.py::TestParallelFetchExecution::test_all_sources_fetched_concurrently 
[gw3] [ 96%] PASSED tests/test_forecast_heading_properties.py::TestHeadingContentAnnouncementProperty::test_heading_aria_label_contains_day_name 
tests/test_format_string_parser_properties.py::TestUnbalancedBracesDetection::test_unbalanced_braces_fail_validation 
[gw3] [ 96%] PASSED tests/test_format_string_parser_properties.py::TestUnbalancedBracesDetection::test_unbalanced_braces_fail_validation 
tests/test_taf_decoder_properties.py::TestTafDecoderWindFunction::test_valid_wind_decoded_in_taf 
[gw19] [ 96%] PASSED tests/test_taskbar_icon_properties.py::TestIdempotencyProperty::test_formatting_is_idempotent 
tests/test_taskbar_icon_properties.py::TestSettingsUpdateProperty::test_settings_update_changes_state 
[gw12] [ 96%] PASSED tests/test_smart_auto_properties.py::TestRequestTimeoutEnforcement::test_slow_source_times_out 
[gw3] [ 96%] PASSED tests/test_taf_decoder_properties.py::TestTafDecoderWindFunction::test_valid_wind_decoded_in_taf 
tests/test_smart_auto_properties.py::TestStaleCacheFallback::test_stale_data_marked_correctly 
[gw15] [ 96%] PASSED tests/test_smart_auto_properties.py::TestParallelFetchExecution::test_all_sources_fetched_concurrently 
tests/test_weather_history.py::TestHistoricalWeatherData::test_create_historical_data 
[gw15] [ 96%] PASSED tests/test_weather_history.py::TestHistoricalWeatherData::test_create_historical_data 
[gw4] [ 96%] PASSED tests/test_weather_trends_properties.py::test_compute_daily_trend_properties 
tests/test_github_update_service.py::TestSchedulePortableUpdateAndRestartSecurity::test_target_directory_writability_check 
[gw12] [ 96%] PASSED tests/test_smart_auto_properties.py::TestStaleCacheFallback::test_stale_data_marked_correctly 
tests/test_smart_auto_properties.py::TestStaleWhileRevalidate::test_cached_data_structure_valid 
[gw19] [ 97%] PASSED tests/test_taskbar_icon_properties.py::TestSettingsUpdateProperty::test_settings_update_changes_state 
[gw11] [ 97%] PASSED tests/test_openmeteo_geocoding_client.py::TestOpenMeteoGeocodingClientRetry::test_retries_on_network_error 
tests/test_system_tray_integration.py::TestLocationChanges::test_location_change_updates_prefix 
[gw11] [ 97%] PASSED tests/test_system_tray_integration.py::TestLocationChanges::test_location_change_updates_prefix 
tests/test_system_tray_integration.py::TestLocationChanges::test_no_location_available 
[gw11] [ 97%] PASSED tests/test_system_tray_integration.py::TestLocationChanges::test_no_location_available 
[gw14] [ 97%] PASSED tests/test_taskbar_icon_properties.py::TestInvalidFormatFallbackProperty::test_invalid_format_uses_fallback 
tests/test_taskbar_icon_updater.py::TestInvalidFormatStringFallback::test_invalid_format_uses_default 
[gw14] [ 97%] PASSED tests/test_taskbar_icon_updater.py::TestInvalidFormatStringFallback::test_invalid_format_uses_default 
[gw13] [ 97%] PASSED tests/test_ai_explainer_integration.py::TestRateLimiting::test_rate_limit_handling 
tests/test_ai_explainer_integration.py::TestRateLimiting::test_multiple_rapid_requests 
[gw13] [ 97%] SKIPPED tests/test_ai_explainer_integration.py::TestRateLimiting::test_multiple_rapid_requests 
tests/test_air_quality_dialog.py::TestAirQualityDialogAccessibility::test_close_button_has_accessibility_attributes 
[gw5] [ 97%] PASSED tests/test_github_update_service.py::test_cache_invalidation_on_channel_change 
[gw12] [ 97%] PASSED tests/test_smart_auto_properties.py::TestStaleWhileRevalidate::test_cached_data_structure_valid 
tests/test_github_update_service.py::test_corrupted_cache_graceful_handling 
[gw2] [ 97%] PASSED tests/test_taskbar_icon_properties.py::TestTooltipLengthProperty::test_tooltip_never_exceeds_max_length 
tests/test_taskbar_icon_properties.py::TestTooltipDefaultFallbackProperty::test_tooltip_never_empty 
[gw13] [ 97%] PASSED tests/test_air_quality_dialog.py::TestAirQualityDialogAccessibility::test_close_button_has_accessibility_attributes 
tests/test_air_quality_dialog.py::TestAirQualityDialogAccessibility::test_no_data_label_has_accessibility_attributes 
[gw13] [ 97%] PASSED tests/test_air_quality_dialog.py::TestAirQualityDialogAccessibility::test_no_data_label_has_accessibility_attributes 
[gw4] node down: Not properly terminated
[gw4] [ 97%] FAILED tests/test_github_update_service.py::TestSchedulePortableUpdateAndRestartSecurity::test_target_directory_writability_check 

replacing crashed worker gw4
[gw5] [ 97%] PASSED tests/test_github_update_service.py::test_corrupted_cache_graceful_handling 
tests/test_github_update_service.py::test_cache_invalidation_on_owner_change 
[gw2] [ 97%] PASSED tests/test_taskbar_icon_properties.py::TestTooltipDefaultFallbackProperty::test_tooltip_never_empty 
tests/test_taskbar_icon_properties.py::TestMissingDataPlaceholderProperty::test_all_none_values_produce_valid_output 
[gw2] [ 97%] PASSED tests/test_taskbar_icon_properties.py::TestMissingDataPlaceholderProperty::test_all_none_values_produce_valid_output 
[gw6] [ 97%] PASSED tests/test_smart_auto_properties.py::TestForecastFieldPreservation::test_precipitation_probability_preserved 
tests/test_smart_auto_properties.py::TestForecastFieldPreservation::test_uv_index_preserved 
[gw6] [ 97%] PASSED tests/test_smart_auto_properties.py::TestForecastFieldPreservation::test_uv_index_preserved 
[gw9] [ 97%] PASSED tests/test_environmental_hourly_integration.py::test_hourly_air_quality_timestamps_are_ordered 
tests/test_system_tray_integration.py::TestRealTimeSettingsApplication::test_settings_dialog_triggers_icon_update 
[gw9] [ 97%] PASSED tests/test_system_tray_integration.py::TestRealTimeSettingsApplication::test_settings_dialog_triggers_icon_update 
tests/test_system_tray_integration.py::TestRealTimeSettingsApplication::test_disabled_to_enabled_transition 
[gw9] [ 97%] PASSED tests/test_system_tray_integration.py::TestRealTimeSettingsApplication::test_disabled_to_enabled_transition 
[gw5] [ 97%] PASSED tests/test_github_update_service.py::test_cache_invalidation_on_owner_change 
tests/test_github_update_service.py::test_cache_invalidation_on_repo_change 
[gw5] [ 98%] PASSED tests/test_github_update_service.py::test_cache_invalidation_on_repo_change 
tests/test_github_update_service.py::test_get_releases_rate_limit_fallback 
[gw8] [ 98%] PASSED tests/test_format_string_parser_properties.py::TestUnknownPlaceholderBehavior::test_unknown_placeholders_fail_validation 
tests/test_format_string_parser_properties.py::TestUnknownPlaceholderBehavior::test_unknown_placeholders_preserved_in_output 
[gw8] [ 98%] PASSED tests/test_format_string_parser_properties.py::TestUnknownPlaceholderBehavior::test_unknown_placeholders_preserved_in_output 
tests/test_html_weather_display.py::TestSettingsPersistence::test_round_trip 
[gw8] [ 98%] PASSED tests/test_html_weather_display.py::TestSettingsPersistence::test_round_trip 
[gw5] [ 98%] PASSED tests/test_github_update_service.py::test_get_releases_rate_limit_fallback 
tests/test_github_update_service.py::test_get_releases_timeout_fallback 
[gw5] [ 98%] PASSED tests/test_github_update_service.py::test_get_releases_timeout_fallback 
tests/test_github_update_service.py::test_get_releases_request_error_fallback 
[gw5] [ 98%] PASSED tests/test_github_update_service.py::test_get_releases_request_error_fallback 
tests/test_github_update_service.py::test_legacy_download_success 
[gw5] [ 98%] PASSED tests/test_github_update_service.py::test_legacy_download_success 
tests/test_github_update_service.py::test_download_with_checksums_txt_success 
[gw5] [ 98%] PASSED tests/test_github_update_service.py::test_download_with_checksums_txt_success 
tests/test_github_update_service.py::test_download_with_checksums_txt_mismatch 
[gw5] [ 98%] PASSED tests/test_github_update_service.py::test_download_with_checksums_txt_mismatch 
tests/test_github_update_service.py::test_e2e_dev_channel_nightly_update 
[gw5] [ 98%] PASSED tests/test_github_update_service.py::test_e2e_dev_channel_nightly_update 
[gw7] [ 98%] PASSED tests/test_openmeteo_geocoding_client.py::TestSuggestionLimitProperty::test_suggestion_count_respects_limit 
tests/test_smart_auto_properties.py::TestPriorityBasedFieldMerging::test_highest_priority_source_selected_for_each_field 
[gw7] [ 98%] PASSED tests/test_smart_auto_properties.py::TestPriorityBasedFieldMerging::test_highest_priority_source_selected_for_each_field 
[gw17] [ 98%] PASSED tests/test_geocoding_properties.py::TestZipCodeValidationProperties::test_five_digit_zip_always_valid 
tests/test_geocoding_properties.py::TestZipCodeValidationProperties::test_zip_plus_four_always_valid 
[gw10] [ 98%] PASSED tests/test_geocoding_properties.py::TestFormatZipCodeProperties::test_five_digit_zip_format_adds_usa 
tests/test_geocoding_properties.py::TestFormatZipCodeProperties::test_zip_plus_four_strips_extension 
[gw0] [ 98%] PASSED tests/test_openmeteo_geocoding_client.py::TestApiResponseParsingProperties::test_parsing_preserves_required_fields 
tests/test_openmeteo_geocoding_client.py::TestApiResponseParsingProperties::test_empty_results_returns_empty_list 
[gw18] [ 98%] PASSED tests/test_geocoding_properties.py::TestCoordinateValidationProperties::test_valid_coordinates_return_true 
tests/test_geocoding_properties.py::TestCoordinateValidationProperties::test_latitude_above_90_rejected 
[gw0] [ 98%] PASSED tests/test_openmeteo_geocoding_client.py::TestApiResponseParsingProperties::test_empty_results_returns_empty_list 
tests/test_openmeteo_geocoding_client.py::TestApiResponseParsingProperties::test_missing_results_key_returns_empty_list 
[gw0] [ 98%] PASSED tests/test_openmeteo_geocoding_client.py::TestApiResponseParsingProperties::test_missing_results_key_returns_empty_list 
[gw1] [ 98%] PASSED tests/test_openmeteo_geocoding_client.py::TestGeocodingServiceFiltering::test_nws_filters_to_us_only 
tests/test_openmeteo_geocoding_client.py::TestGeocodingServiceFiltering::test_non_nws_returns_worldwide 
[gw17] [ 98%] PASSED tests/test_geocoding_properties.py::TestZipCodeValidationProperties::test_zip_plus_four_always_valid 
tests/test_geocoding_properties.py::TestZipCodeValidationProperties::test_non_zip_patterns_invalid 
[gw10] [ 98%] PASSED tests/test_geocoding_properties.py::TestFormatZipCodeProperties::test_zip_plus_four_strips_extension 
tests/test_geocoding_properties.py::TestFormatZipCodeProperties::test_format_is_idempotent_after_first_call 
[gw18] [ 99%] PASSED tests/test_geocoding_properties.py::TestCoordinateValidationProperties::test_latitude_above_90_rejected 
tests/test_geocoding_properties.py::TestCoordinateValidationProperties::test_latitude_below_minus_90_rejected 
[gw1] [ 99%] PASSED tests/test_openmeteo_geocoding_client.py::TestGeocodingServiceFiltering::test_non_nws_returns_worldwide 
tests/test_openmeteo_geocoding_client.py::TestCoordinateValidationProperty::test_valid_coordinates_accepted_globally 
[gw10] [ 99%] PASSED tests/test_geocoding_properties.py::TestFormatZipCodeProperties::test_format_is_idempotent_after_first_call 
[gw17] [ 99%] PASSED tests/test_geocoding_properties.py::TestZipCodeValidationProperties::test_non_zip_patterns_invalid 
[gw18] [ 99%] PASSED tests/test_geocoding_properties.py::TestCoordinateValidationProperties::test_latitude_below_minus_90_rejected 
tests/test_geocoding_properties.py::TestCoordinateValidationProperties::test_longitude_above_180_rejected 
[gw1] [ 99%] PASSED tests/test_openmeteo_geocoding_client.py::TestCoordinateValidationProperty::test_valid_coordinates_accepted_globally 
[gw18] [ 99%] PASSED tests/test_geocoding_properties.py::TestCoordinateValidationProperties::test_longitude_above_180_rejected 
[gw18] node down: Not properly terminated
[gw18] [ 99%] FAILED tests/test_geocoding_properties.py::TestCoordinateValidationProperties::test_longitude_below_minus_180_rejected 

replacing crashed worker gw18
INTERNALERROR> Traceback (most recent call last):
INTERNALERROR>   File "C:\Users\joshu\accessiweather\.auto-claude\worktrees\tasks\002-fix-command-injection-vulnerability-in-update-inst\venv\Lib\site-packages\_pytest\main.py", line 318, in wrap_session
INTERNALERROR>     session.exitstatus = doit(config, session) or 0
INTERNALERROR>                          ^^^^^^^^^^^^^^^^^^^^^
INTERNALERROR>   File "C:\Users\joshu\accessiweather\.auto-claude\worktrees\tasks\002-fix-command-injection-vulnerability-in-update-inst\venv\Lib\site-packages\_pytest\main.py", line 372, in _main
INTERNALERROR>     config.hook.pytest_runtestloop(session=session)
INTERNALERROR>   File "C:\Users\joshu\accessiweather\.auto-claude\worktrees\tasks\002-fix-command-injection-vulnerability-in-update-inst\venv\Lib\site-packages\pluggy\_hooks.py", line 512, in __call__
INTERNALERROR>     return self._hookexec(self.name, self._hookimpls.copy(), kwargs, firstresult)
INTERNALERROR>            ^^^^^^^^^^^^^^^^^^^^^^^^^^^^^^^^^^^^^^^^^^^^^^^^^^^^^^^^^^^^^^^^^^^^^^
INTERNALERROR>   File "C:\Users\joshu\accessiweather\.auto-claude\worktrees\tasks\002-fix-command-injection-vulnerability-in-update-inst\venv\Lib\site-packages\pluggy\_manager.py", line 120, in _hookexec
INTERNALERROR>     return self._inner_hookexec(hook_name, methods, kwargs, firstresult)
INTERNALERROR>            ^^^^^^^^^^^^^^^^^^^^^^^^^^^^^^^^^^^^^^^^^^^^^^^^^^^^^^^^^^^^^
INTERNALERROR>   File "C:\Users\joshu\accessiweather\.auto-claude\worktrees\tasks\002-fix-command-injection-vulnerability-in-update-inst\venv\Lib\site-packages\pluggy\_callers.py", line 167, in _multicall
INTERNALERROR>     raise exception
INTERNALERROR>   File "C:\Users\joshu\accessiweather\.auto-claude\worktrees\tasks\002-fix-command-injection-vulnerability-in-update-inst\venv\Lib\site-packages\pluggy\_callers.py", line 139, in _multicall
INTERNALERROR>     teardown.throw(exception)
INTERNALERROR>   File "C:\Users\joshu\accessiweather\.auto-claude\worktrees\tasks\002-fix-command-injection-vulnerability-in-update-inst\venv\Lib\site-packages\_pytest\logging.py", line 801, in pytest_runtestloop
INTERNALERROR>     return (yield)  # Run all the tests.
INTERNALERROR>             ^^^^^
INTERNALERROR>   File "C:\Users\joshu\accessiweather\.auto-claude\worktrees\tasks\002-fix-command-injection-vulnerability-in-update-inst\venv\Lib\site-packages\pluggy\_callers.py", line 139, in _multicall
INTERNALERROR>     teardown.throw(exception)
INTERNALERROR>   File "C:\Users\joshu\accessiweather\.auto-claude\worktrees\tasks\002-fix-command-injection-vulnerability-in-update-inst\venv\Lib\site-packages\_pytest\terminal.py", line 707, in pytest_runtestloop
INTERNALERROR>     result = yield
INTERNALERROR>              ^^^^^
INTERNALERROR>   File "C:\Users\joshu\accessiweather\.auto-claude\worktrees\tasks\002-fix-command-injection-vulnerability-in-update-inst\venv\Lib\site-packages\pluggy\_callers.py", line 121, in _multicall
INTERNALERROR>     res = hook_impl.function(*args)
INTERNALERROR>           ^^^^^^^^^^^^^^^^^^^^^^^^^
INTERNALERROR>   File "C:\Users\joshu\accessiweather\.auto-claude\worktrees\tasks\002-fix-command-injection-vulnerability-in-update-inst\venv\Lib\site-packages\xdist\dsession.py", line 138, in pytest_runtestloop
INTERNALERROR>     self.loop_once()
INTERNALERROR>   File "C:\Users\joshu\accessiweather\.auto-claude\worktrees\tasks\002-fix-command-injection-vulnerability-in-update-inst\venv\Lib\site-packages\xdist\dsession.py", line 163, in loop_once
INTERNALERROR>     call(**kwargs)
INTERNALERROR>   File "C:\Users\joshu\accessiweather\.auto-claude\worktrees\tasks\002-fix-command-injection-vulnerability-in-update-inst\venv\Lib\site-packages\xdist\dsession.py", line 266, in worker_errordown
INTERNALERROR>     self._clone_node(node)
INTERNALERROR>   File "C:\Users\joshu\accessiweather\.auto-claude\worktrees\tasks\002-fix-command-injection-vulnerability-in-update-inst\venv\Lib\site-packages\xdist\dsession.py", line 395, in _clone_node
INTERNALERROR>     clone = self.nodemanager.setup_node(spec, self.queue.put)
INTERNALERROR>             ^^^^^^^^^^^^^^^^^^^^^^^^^^^^^^^^^^^^^^^^^^^^^^^^^
INTERNALERROR>   File "C:\Users\joshu\accessiweather\.auto-claude\worktrees\tasks\002-fix-command-injection-vulnerability-in-update-inst\venv\Lib\site-packages\xdist\workermanage.py", line 106, in setup_node
INTERNALERROR>     gw = self.group.makegateway(spec)
INTERNALERROR>          ^^^^^^^^^^^^^^^^^^^^^^^^^^^^
INTERNALERROR>   File "C:\Users\joshu\accessiweather\.auto-claude\worktrees\tasks\002-fix-command-injection-vulnerability-in-update-inst\venv\Lib\site-packages\execnet\multi.py", line 154, in makegateway
INTERNALERROR>     gw = gateway_bootstrap.bootstrap(io, spec)
INTERNALERROR>          ^^^^^^^^^^^^^^^^^^^^^^^^^^^^^^^^^^^^^
INTERNALERROR>   File "C:\Users\joshu\accessiweather\.auto-claude\worktrees\tasks\002-fix-command-injection-vulnerability-in-update-inst\venv\Lib\site-packages\execnet\gateway_bootstrap.py", line 88, in bootstrap
INTERNALERROR>     bootstrap_import(io, spec)
INTERNALERROR>   File "C:\Users\joshu\accessiweather\.auto-claude\worktrees\tasks\002-fix-command-injection-vulnerability-in-update-inst\venv\Lib\site-packages\execnet\gateway_bootstrap.py", line 36, in bootstrap_import
INTERNALERROR>     s = io.read(1)
INTERNALERROR>         ^^^^^^^^^^
INTERNALERROR>   File "C:\Users\joshu\accessiweather\.auto-claude\worktrees\tasks\002-fix-command-injection-vulnerability-in-update-inst\venv\Lib\site-packages\execnet\gateway_base.py", line 536, in read
INTERNALERROR>     raise EOFError("expected %d bytes, got %d" % (numbytes, len(buf)))
INTERNALERROR> EOFError: expected 1 bytes, got 0
